{"uid":"bd4bef8304c95731","name":"checkZalogKredit(String, String, String, String, Integer, Integer, Integer) [14] и ф о, a@a.a, 1231231233, 12.12.1984, 4, 99999999, 20","fullName":"MtsBankTest.checkZalogKredit","historyId":"846a4b837cc84e1e49ee5807add96c33","time":{"start":1736300559696,"stop":1736300579548,"duration":19852},"description":"Проверка формы валидации данных о пользователе для кредита под залог","descriptionHtml":"<p>Проверка формы валидации данных о пользователе для кредита под залог</p>\n","status":"failed","statusMessage":"Invalid element state [By.xpath: //button[@class=\"Wrapper-sc-48arcs-1 hdDGkC\"]]: element click intercepted: Element <button data-testid=\"button\" tabindex=\"0\" type=\"button\" class=\"Wrapper-sc-48arcs-1 hdDGkC\">...</button> is not clickable at point (640, 788). Other element would receive the click: <div data-testid=\"modal-overlay\" class=\"Overlay-sc-15wbuq5-2 iiVjRA\"></div>\nScreenshot: file:/home/runner/work/mtsBankTest/mtsBankTest/build/reports/tests/1736300579128.0.png\nPage source: file:/home/runner/work/mtsBankTest/mtsBankTest/build/reports/tests/1736300579128.0.html\nTimeout: 4 s.\nCaused by: ElementClickInterceptedException: element click intercepted: Element <button data-testid=\"button\" tabindex=\"0\" type=\"button\" class=\"Wrapper-sc-48arcs-1 hdDGkC\">...</button> is not clickable at point (640, 788). Other element would receive the click: <div data-testid=\"modal-overlay\" class=\"Overlay-sc-15wbuq5-2 iiVjRA\"></div>","statusTrace":"Invalid element state [By.xpath: //button[@class=\"Wrapper-sc-48arcs-1 hdDGkC\"]]: element click intercepted: Element <button data-testid=\"button\" tabindex=\"0\" type=\"button\" class=\"Wrapper-sc-48arcs-1 hdDGkC\">...</button> is not clickable at point (640, 788). Other element would receive the click: <div data-testid=\"modal-overlay\" class=\"Overlay-sc-15wbuq5-2 iiVjRA\"></div>\nScreenshot: file:/home/runner/work/mtsBankTest/mtsBankTest/build/reports/tests/1736300579128.0.png\nPage source: file:/home/runner/work/mtsBankTest/mtsBankTest/build/reports/tests/1736300579128.0.html\nTimeout: 4 s.\nCaused by: ElementClickInterceptedException: element click intercepted: Element <button data-testid=\"button\" tabindex=\"0\" type=\"button\" class=\"Wrapper-sc-48arcs-1 hdDGkC\">...</button> is not clickable at point (640, 788). Other element would receive the click: <div data-testid=\"modal-overlay\" class=\"Overlay-sc-15wbuq5-2 iiVjRA\"></div>\n\tat com.codeborne.selenide.impl.ExceptionWrapper.wrap(ExceptionWrapper.java:19)\n\tat com.codeborne.selenide.impl.SelenideElementProxy.dispatchAndRetry(SelenideElementProxy.java:153)\n\tat com.codeborne.selenide.impl.SelenideElementProxy.invoke(SelenideElementProxy.java:83)\n\tat jdk.proxy2/jdk.proxy2.$Proxy24.click(Unknown Source)\n\tat pages2.Desktop.KreditPodZalog.setSogl(KreditPodZalog.java:189)\n\tat MtsBankTest.checkZalogKredit(MtsBankTest.java:69)\n\tat java.base/java.lang.reflect.Method.invoke(Method.java:580)\n\tat java.base/java.util.concurrent.ForkJoinTask.doExec(ForkJoinTask.java:507)\n\tat java.base/java.util.concurrent.ForkJoinPool$WorkQueue.topLevelExec(ForkJoinPool.java:1489)\n\tat java.base/java.util.concurrent.ForkJoinPool.scan(ForkJoinPool.java:2071)\n\tat java.base/java.util.concurrent.ForkJoinPool.runWorker(ForkJoinPool.java:2033)\n\tat java.base/java.util.concurrent.ForkJoinWorkerThread.run(ForkJoinWorkerThread.java:187)\nCaused by: org.openqa.selenium.ElementClickInterceptedException: element click intercepted: Element <button data-testid=\"button\" tabindex=\"0\" type=\"button\" class=\"Wrapper-sc-48arcs-1 hdDGkC\">...</button> is not clickable at point (640, 788). Other element would receive the click: <div data-testid=\"modal-overlay\" class=\"Overlay-sc-15wbuq5-2 iiVjRA\"></div>\n  (Session info: chrome=131.0.6778.139)\nBuild info: version: '4.27.0', revision: 'd6e718d134'\nSystem info: os.name: 'Linux', os.arch: 'amd64', os.version: '6.5.0-1025-azure', java.version: '22.0.2'\nDriver info: org.openqa.selenium.chrome.ChromeDriver\nCommand: [9587c5573605dd2734b76a857b947287, clickElement {id=f.0B7141DD505EB1A128DD3DC6439AA623.d.285EFC75CB9A2C006746A36E248B5C59.e.151}]\nCapabilities {acceptInsecureCerts: true, browserName: chrome, browserVersion: 131.0.6778.139, chrome: {chromedriverVersion: 131.0.6778.264 (2d05e315153..., userDataDir: /tmp/.org.chromium.Chromium...}, fedcm:accounts: true, goog:chromeOptions: {debuggerAddress: localhost:43423}, networkConnectionEnabled: false, pageLoadStrategy: normal, platformName: linux, proxy: Proxy(), se:cdp: ws://localhost:43423/devtoo..., se:cdpVersion: 131.0.6778.139, setWindowRect: true, strictFileInteractability: false, timeouts: {implicit: 0, pageLoad: 300000, script: 30000}, unhandledPromptBehavior: accept, webauthn:extension:credBlob: true, webauthn:extension:largeBlob: true, webauthn:extension:minPinLength: true, webauthn:extension:prf: true, webauthn:virtualAuthenticators: true}\nElement: [[ChromeDriver: chrome on linux (9587c5573605dd2734b76a857b947287)] -> xpath: //button[@class=\"Wrapper-sc-48arcs-1 hdDGkC\"]]\nSession ID: 9587c5573605dd2734b76a857b947287\n\tat java.base/jdk.internal.reflect.DirectConstructorHandleAccessor.newInstance(DirectConstructorHandleAccessor.java:62)\n\tat java.base/java.lang.reflect.Constructor.newInstanceWithCaller(Constructor.java:502)\n\tat java.base/java.lang.reflect.Constructor.newInstance(Constructor.java:486)\n\tat org.openqa.selenium.remote.ErrorCodec.decode(ErrorCodec.java:167)\n\tat org.openqa.selenium.remote.codec.w3c.W3CHttpResponseCodec.decode(W3CHttpResponseCodec.java:138)\n\tat org.openqa.selenium.remote.codec.w3c.W3CHttpResponseCodec.decode(W3CHttpResponseCodec.java:50)\n\tat org.openqa.selenium.remote.HttpCommandExecutor.execute(HttpCommandExecutor.java:190)\n\tat org.openqa.selenium.remote.service.DriverCommandExecutor.invokeExecute(DriverCommandExecutor.java:216)\n\tat org.openqa.selenium.remote.service.DriverCommandExecutor.execute(DriverCommandExecutor.java:174)\n\tat org.openqa.selenium.remote.RemoteWebDriver.execute(RemoteWebDriver.java:545)\n\tat org.openqa.selenium.remote.RemoteWebElement.execute(RemoteWebElement.java:223)\n\tat org.openqa.selenium.remote.RemoteWebElement.click(RemoteWebElement.java:76)\n\tat com.codeborne.selenide.commands.Click.defaultClick(Click.java:94)\n\tat com.codeborne.selenide.commands.Click.doClick(Click.java:72)\n\tat com.codeborne.selenide.commands.Click.click(Click.java:48)\n\tat com.codeborne.selenide.commands.Click.execute(Click.java:28)\n\tat com.codeborne.selenide.FluentCommand.execute(FluentCommand.java:27)\n\tat com.codeborne.selenide.FluentCommand.execute(FluentCommand.java:19)\n\tat com.codeborne.selenide.commands.Commands.execute(Commands.java:159)\n\tat com.codeborne.selenide.impl.SelenideElementProxy.dispatchAndRetry(SelenideElementProxy.java:131)\n\t... 10 more\n","flaky":false,"newFailed":false,"newBroken":false,"newPassed":false,"retriesCount":0,"retriesStatusChange":false,"beforeStages":[],"testStage":{"description":"Проверка формы валидации данных о пользователе для кредита под залог","status":"failed","statusMessage":"Invalid element state [By.xpath: //button[@class=\"Wrapper-sc-48arcs-1 hdDGkC\"]]: element click intercepted: Element <button data-testid=\"button\" tabindex=\"0\" type=\"button\" class=\"Wrapper-sc-48arcs-1 hdDGkC\">...</button> is not clickable at point (640, 788). Other element would receive the click: <div data-testid=\"modal-overlay\" class=\"Overlay-sc-15wbuq5-2 iiVjRA\"></div>\nScreenshot: file:/home/runner/work/mtsBankTest/mtsBankTest/build/reports/tests/1736300579128.0.png\nPage source: file:/home/runner/work/mtsBankTest/mtsBankTest/build/reports/tests/1736300579128.0.html\nTimeout: 4 s.\nCaused by: ElementClickInterceptedException: element click intercepted: Element <button data-testid=\"button\" tabindex=\"0\" type=\"button\" class=\"Wrapper-sc-48arcs-1 hdDGkC\">...</button> is not clickable at point (640, 788). Other element would receive the click: <div data-testid=\"modal-overlay\" class=\"Overlay-sc-15wbuq5-2 iiVjRA\"></div>","statusTrace":"Invalid element state [By.xpath: //button[@class=\"Wrapper-sc-48arcs-1 hdDGkC\"]]: element click intercepted: Element <button data-testid=\"button\" tabindex=\"0\" type=\"button\" class=\"Wrapper-sc-48arcs-1 hdDGkC\">...</button> is not clickable at point (640, 788). Other element would receive the click: <div data-testid=\"modal-overlay\" class=\"Overlay-sc-15wbuq5-2 iiVjRA\"></div>\nScreenshot: file:/home/runner/work/mtsBankTest/mtsBankTest/build/reports/tests/1736300579128.0.png\nPage source: file:/home/runner/work/mtsBankTest/mtsBankTest/build/reports/tests/1736300579128.0.html\nTimeout: 4 s.\nCaused by: ElementClickInterceptedException: element click intercepted: Element <button data-testid=\"button\" tabindex=\"0\" type=\"button\" class=\"Wrapper-sc-48arcs-1 hdDGkC\">...</button> is not clickable at point (640, 788). Other element would receive the click: <div data-testid=\"modal-overlay\" class=\"Overlay-sc-15wbuq5-2 iiVjRA\"></div>\n\tat com.codeborne.selenide.impl.ExceptionWrapper.wrap(ExceptionWrapper.java:19)\n\tat com.codeborne.selenide.impl.SelenideElementProxy.dispatchAndRetry(SelenideElementProxy.java:153)\n\tat com.codeborne.selenide.impl.SelenideElementProxy.invoke(SelenideElementProxy.java:83)\n\tat jdk.proxy2/jdk.proxy2.$Proxy24.click(Unknown Source)\n\tat pages2.Desktop.KreditPodZalog.setSogl(KreditPodZalog.java:189)\n\tat MtsBankTest.checkZalogKredit(MtsBankTest.java:69)\n\tat java.base/java.lang.reflect.Method.invoke(Method.java:580)\n\tat java.base/java.util.concurrent.ForkJoinTask.doExec(ForkJoinTask.java:507)\n\tat java.base/java.util.concurrent.ForkJoinPool$WorkQueue.topLevelExec(ForkJoinPool.java:1489)\n\tat java.base/java.util.concurrent.ForkJoinPool.scan(ForkJoinPool.java:2071)\n\tat java.base/java.util.concurrent.ForkJoinPool.runWorker(ForkJoinPool.java:2033)\n\tat java.base/java.util.concurrent.ForkJoinWorkerThread.run(ForkJoinWorkerThread.java:187)\nCaused by: org.openqa.selenium.ElementClickInterceptedException: element click intercepted: Element <button data-testid=\"button\" tabindex=\"0\" type=\"button\" class=\"Wrapper-sc-48arcs-1 hdDGkC\">...</button> is not clickable at point (640, 788). Other element would receive the click: <div data-testid=\"modal-overlay\" class=\"Overlay-sc-15wbuq5-2 iiVjRA\"></div>\n  (Session info: chrome=131.0.6778.139)\nBuild info: version: '4.27.0', revision: 'd6e718d134'\nSystem info: os.name: 'Linux', os.arch: 'amd64', os.version: '6.5.0-1025-azure', java.version: '22.0.2'\nDriver info: org.openqa.selenium.chrome.ChromeDriver\nCommand: [9587c5573605dd2734b76a857b947287, clickElement {id=f.0B7141DD505EB1A128DD3DC6439AA623.d.285EFC75CB9A2C006746A36E248B5C59.e.151}]\nCapabilities {acceptInsecureCerts: true, browserName: chrome, browserVersion: 131.0.6778.139, chrome: {chromedriverVersion: 131.0.6778.264 (2d05e315153..., userDataDir: /tmp/.org.chromium.Chromium...}, fedcm:accounts: true, goog:chromeOptions: {debuggerAddress: localhost:43423}, networkConnectionEnabled: false, pageLoadStrategy: normal, platformName: linux, proxy: Proxy(), se:cdp: ws://localhost:43423/devtoo..., se:cdpVersion: 131.0.6778.139, setWindowRect: true, strictFileInteractability: false, timeouts: {implicit: 0, pageLoad: 300000, script: 30000}, unhandledPromptBehavior: accept, webauthn:extension:credBlob: true, webauthn:extension:largeBlob: true, webauthn:extension:minPinLength: true, webauthn:extension:prf: true, webauthn:virtualAuthenticators: true}\nElement: [[ChromeDriver: chrome on linux (9587c5573605dd2734b76a857b947287)] -> xpath: //button[@class=\"Wrapper-sc-48arcs-1 hdDGkC\"]]\nSession ID: 9587c5573605dd2734b76a857b947287\n\tat java.base/jdk.internal.reflect.DirectConstructorHandleAccessor.newInstance(DirectConstructorHandleAccessor.java:62)\n\tat java.base/java.lang.reflect.Constructor.newInstanceWithCaller(Constructor.java:502)\n\tat java.base/java.lang.reflect.Constructor.newInstance(Constructor.java:486)\n\tat org.openqa.selenium.remote.ErrorCodec.decode(ErrorCodec.java:167)\n\tat org.openqa.selenium.remote.codec.w3c.W3CHttpResponseCodec.decode(W3CHttpResponseCodec.java:138)\n\tat org.openqa.selenium.remote.codec.w3c.W3CHttpResponseCodec.decode(W3CHttpResponseCodec.java:50)\n\tat org.openqa.selenium.remote.HttpCommandExecutor.execute(HttpCommandExecutor.java:190)\n\tat org.openqa.selenium.remote.service.DriverCommandExecutor.invokeExecute(DriverCommandExecutor.java:216)\n\tat org.openqa.selenium.remote.service.DriverCommandExecutor.execute(DriverCommandExecutor.java:174)\n\tat org.openqa.selenium.remote.RemoteWebDriver.execute(RemoteWebDriver.java:545)\n\tat org.openqa.selenium.remote.RemoteWebElement.execute(RemoteWebElement.java:223)\n\tat org.openqa.selenium.remote.RemoteWebElement.click(RemoteWebElement.java:76)\n\tat com.codeborne.selenide.commands.Click.defaultClick(Click.java:94)\n\tat com.codeborne.selenide.commands.Click.doClick(Click.java:72)\n\tat com.codeborne.selenide.commands.Click.click(Click.java:48)\n\tat com.codeborne.selenide.commands.Click.execute(Click.java:28)\n\tat com.codeborne.selenide.FluentCommand.execute(FluentCommand.java:27)\n\tat com.codeborne.selenide.FluentCommand.execute(FluentCommand.java:19)\n\tat com.codeborne.selenide.commands.Commands.execute(Commands.java:159)\n\tat com.codeborne.selenide.impl.SelenideElementProxy.dispatchAndRetry(SelenideElementProxy.java:131)\n\t... 10 more\n","steps":[{"name":"Переход на страницу кредита под залог","time":{"start":1736300564746,"stop":1736300568312,"duration":3566},"status":"passed","steps":[],"attachments":[],"parameters":[],"shouldDisplayMessage":false,"stepsCount":0,"attachmentsCount":0,"hasContent":false,"attachmentStep":false},{"name":"Заполнение формы кредита","time":{"start":1736300568313,"stop":1736300571905,"duration":3592},"status":"passed","steps":[],"attachments":[],"parameters":[{"name":"kreditSize","value":"99999999"},{"name":"kreditYears","value":"20"}],"shouldDisplayMessage":false,"stepsCount":0,"attachmentsCount":0,"hasContent":true,"attachmentStep":false},{"name":"Ввод ФИО","time":{"start":1736300571905,"stop":1736300572425,"duration":520},"status":"passed","steps":[],"attachments":[],"parameters":[{"name":"fio","value":"и ф о"},{"name":"exp","value":"false"}],"shouldDisplayMessage":false,"stepsCount":0,"attachmentsCount":0,"hasContent":true,"attachmentStep":false},{"name":"Ввод email","time":{"start":1736300572425,"stop":1736300572826,"duration":401},"status":"passed","steps":[],"attachments":[],"parameters":[{"name":"mai","value":"a@a.a"},{"name":"exp","value":"false"}],"shouldDisplayMessage":false,"stepsCount":0,"attachmentsCount":0,"hasContent":true,"attachmentStep":false},{"name":"Ввод номера","time":{"start":1736300572826,"stop":1736300573374,"duration":548},"status":"passed","steps":[],"attachments":[],"parameters":[{"name":"num","value":"1231231233"},{"name":"exp","value":"false"}],"shouldDisplayMessage":false,"stepsCount":0,"attachmentsCount":0,"hasContent":true,"attachmentStep":false},{"name":"Ввод даты рождения","time":{"start":1736300573375,"stop":1736300573965,"duration":590},"status":"passed","steps":[],"attachments":[],"parameters":[{"name":"birthData1","value":"12.12.1984"},{"name":"exp","value":"false"}],"shouldDisplayMessage":false,"stepsCount":0,"attachmentsCount":0,"hasContent":true,"attachmentStep":false},{"name":"Выдача согласия","time":{"start":1736300573965,"stop":1736300579419,"duration":5454},"status":"failed","statusMessage":"Invalid element state [By.xpath: //button[@class=\"Wrapper-sc-48arcs-1 hdDGkC\"]]: element click intercepted: Element <button data-testid=\"button\" tabindex=\"0\" type=\"button\" class=\"Wrapper-sc-48arcs-1 hdDGkC\">...</button> is not clickable at point (640, 788). Other element would receive the click: <div data-testid=\"modal-overlay\" class=\"Overlay-sc-15wbuq5-2 iiVjRA\"></div>\nScreenshot: file:/home/runner/work/mtsBankTest/mtsBankTest/build/reports/tests/1736300579128.0.png\nPage source: file:/home/runner/work/mtsBankTest/mtsBankTest/build/reports/tests/1736300579128.0.html\nTimeout: 4 s.\nCaused by: ElementClickInterceptedException: element click intercepted: Element <button data-testid=\"button\" tabindex=\"0\" type=\"button\" class=\"Wrapper-sc-48arcs-1 hdDGkC\">...</button> is not clickable at point (640, 788). Other element would receive the click: <div data-testid=\"modal-overlay\" class=\"Overlay-sc-15wbuq5-2 iiVjRA\"></div>","statusTrace":"Invalid element state [By.xpath: //button[@class=\"Wrapper-sc-48arcs-1 hdDGkC\"]]: element click intercepted: Element <button data-testid=\"button\" tabindex=\"0\" type=\"button\" class=\"Wrapper-sc-48arcs-1 hdDGkC\">...</button> is not clickable at point (640, 788). Other element would receive the click: <div data-testid=\"modal-overlay\" class=\"Overlay-sc-15wbuq5-2 iiVjRA\"></div>\nScreenshot: file:/home/runner/work/mtsBankTest/mtsBankTest/build/reports/tests/1736300579128.0.png\nPage source: file:/home/runner/work/mtsBankTest/mtsBankTest/build/reports/tests/1736300579128.0.html\nTimeout: 4 s.\nCaused by: ElementClickInterceptedException: element click intercepted: Element <button data-testid=\"button\" tabindex=\"0\" type=\"button\" class=\"Wrapper-sc-48arcs-1 hdDGkC\">...</button> is not clickable at point (640, 788). Other element would receive the click: <div data-testid=\"modal-overlay\" class=\"Overlay-sc-15wbuq5-2 iiVjRA\"></div>\n\tat com.codeborne.selenide.impl.ExceptionWrapper.wrap(ExceptionWrapper.java:19)\n\tat com.codeborne.selenide.impl.SelenideElementProxy.dispatchAndRetry(SelenideElementProxy.java:153)\n\tat com.codeborne.selenide.impl.SelenideElementProxy.invoke(SelenideElementProxy.java:83)\n\tat jdk.proxy2/jdk.proxy2.$Proxy24.click(Unknown Source)\n\tat pages2.Desktop.KreditPodZalog.setSogl(KreditPodZalog.java:189)\n\tat MtsBankTest.checkZalogKredit(MtsBankTest.java:69)\n\tat java.base/jdk.internal.reflect.DirectMethodHandleAccessor.invoke(DirectMethodHandleAccessor.java:103)\n\tat java.base/java.lang.reflect.Method.invoke(Method.java:580)\n\tat org.junit.platform.commons.util.ReflectionUtils.invokeMethod(ReflectionUtils.java:767)\n\tat org.junit.jupiter.engine.execution.MethodInvocation.proceed(MethodInvocation.java:60)\n\tat org.junit.jupiter.engine.execution.InvocationInterceptorChain$ValidatingInvocation.proceed(InvocationInterceptorChain.java:131)\n\tat org.junit.jupiter.engine.extension.TimeoutExtension.intercept(TimeoutExtension.java:156)\n\tat org.junit.jupiter.engine.extension.TimeoutExtension.interceptTestableMethod(TimeoutExtension.java:147)\n\tat org.junit.jupiter.engine.extension.TimeoutExtension.interceptTestTemplateMethod(TimeoutExtension.java:94)\n\tat org.junit.jupiter.engine.execution.InterceptingExecutableInvoker$ReflectiveInterceptorCall.lambda$ofVoidMethod$0(InterceptingExecutableInvoker.java:103)\n\tat org.junit.jupiter.engine.execution.InterceptingExecutableInvoker.lambda$invoke$0(InterceptingExecutableInvoker.java:93)\n\tat org.junit.jupiter.engine.execution.InvocationInterceptorChain$InterceptedInvocation.proceed(InvocationInterceptorChain.java:106)\n\tat org.junit.jupiter.engine.execution.InvocationInterceptorChain.proceed(InvocationInterceptorChain.java:64)\n\tat org.junit.jupiter.engine.execution.InvocationInterceptorChain.chainAndInvoke(InvocationInterceptorChain.java:45)\n\tat org.junit.jupiter.engine.execution.InvocationInterceptorChain.invoke(InvocationInterceptorChain.java:37)\n\tat org.junit.jupiter.engine.execution.InterceptingExecutableInvoker.invoke(InterceptingExecutableInvoker.java:92)\n\tat org.junit.jupiter.engine.execution.InterceptingExecutableInvoker.invoke(InterceptingExecutableInvoker.java:86)\n\tat org.junit.jupiter.engine.descriptor.TestMethodTestDescriptor.lambda$invokeTestMethod$8(TestMethodTestDescriptor.java:217)\n\tat org.junit.platform.engine.support.hierarchical.ThrowableCollector.execute(ThrowableCollector.java:73)\n\tat org.junit.jupiter.engine.descriptor.TestMethodTestDescriptor.invokeTestMethod(TestMethodTestDescriptor.java:213)\n\tat org.junit.jupiter.engine.descriptor.TestMethodTestDescriptor.execute(TestMethodTestDescriptor.java:138)\n\tat org.junit.jupiter.engine.descriptor.TestMethodTestDescriptor.execute(TestMethodTestDescriptor.java:68)\n\tat org.junit.platform.engine.support.hierarchical.NodeTestTask.lambda$executeRecursively$6(NodeTestTask.java:156)\n\tat org.junit.platform.engine.support.hierarchical.ThrowableCollector.execute(ThrowableCollector.java:73)\n\tat org.junit.platform.engine.support.hierarchical.NodeTestTask.lambda$executeRecursively$8(NodeTestTask.java:146)\n\tat org.junit.platform.engine.support.hierarchical.Node.around(Node.java:137)\n\tat org.junit.platform.engine.support.hierarchical.NodeTestTask.lambda$executeRecursively$9(NodeTestTask.java:144)\n\tat org.junit.platform.engine.support.hierarchical.ThrowableCollector.execute(ThrowableCollector.java:73)\n\tat org.junit.platform.engine.support.hierarchical.NodeTestTask.executeRecursively(NodeTestTask.java:143)\n\tat org.junit.platform.engine.support.hierarchical.NodeTestTask.execute(NodeTestTask.java:100)\n\tat org.junit.platform.engine.support.hierarchical.ForkJoinPoolHierarchicalTestExecutorService$ExclusiveTask.exec(ForkJoinPoolHierarchicalTestExecutorService.java:274)\n\tat java.base/java.util.concurrent.ForkJoinTask.doExec(ForkJoinTask.java:507)\n\tat java.base/java.util.concurrent.ForkJoinPool$WorkQueue.topLevelExec(ForkJoinPool.java:1489)\n\tat java.base/java.util.concurrent.ForkJoinPool.scan(ForkJoinPool.java:2071)\n\tat java.base/java.util.concurrent.ForkJoinPool.runWorker(ForkJoinPool.java:2033)\n\tat java.base/java.util.concurrent.ForkJoinWorkerThread.run(ForkJoinWorkerThread.java:187)\nCaused by: org.openqa.selenium.ElementClickInterceptedException: element click intercepted: Element <button data-testid=\"button\" tabindex=\"0\" type=\"button\" class=\"Wrapper-sc-48arcs-1 hdDGkC\">...</button> is not clickable at point (640, 788). Other element would receive the click: <div data-testid=\"modal-overlay\" class=\"Overlay-sc-15wbuq5-2 iiVjRA\"></div>\n  (Session info: chrome=131.0.6778.139)\nBuild info: version: '4.27.0', revision: 'd6e718d134'\nSystem info: os.name: 'Linux', os.arch: 'amd64', os.version: '6.5.0-1025-azure', java.version: '22.0.2'\nDriver info: org.openqa.selenium.chrome.ChromeDriver\nCommand: [9587c5573605dd2734b76a857b947287, clickElement {id=f.0B7141DD505EB1A128DD3DC6439AA623.d.285EFC75CB9A2C006746A36E248B5C59.e.151}]\nCapabilities {acceptInsecureCerts: true, browserName: chrome, browserVersion: 131.0.6778.139, chrome: {chromedriverVersion: 131.0.6778.264 (2d05e315153..., userDataDir: /tmp/.org.chromium.Chromium...}, fedcm:accounts: true, goog:chromeOptions: {debuggerAddress: localhost:43423}, networkConnectionEnabled: false, pageLoadStrategy: normal, platformName: linux, proxy: Proxy(), se:cdp: ws://localhost:43423/devtoo..., se:cdpVersion: 131.0.6778.139, setWindowRect: true, strictFileInteractability: false, timeouts: {implicit: 0, pageLoad: 300000, script: 30000}, unhandledPromptBehavior: accept, webauthn:extension:credBlob: true, webauthn:extension:largeBlob: true, webauthn:extension:minPinLength: true, webauthn:extension:prf: true, webauthn:virtualAuthenticators: true}\nElement: [[ChromeDriver: chrome on linux (9587c5573605dd2734b76a857b947287)] -> xpath: //button[@class=\"Wrapper-sc-48arcs-1 hdDGkC\"]]\nSession ID: 9587c5573605dd2734b76a857b947287\n\tat java.base/jdk.internal.reflect.DirectConstructorHandleAccessor.newInstance(DirectConstructorHandleAccessor.java:62)\n\tat java.base/java.lang.reflect.Constructor.newInstanceWithCaller(Constructor.java:502)\n\tat java.base/java.lang.reflect.Constructor.newInstance(Constructor.java:486)\n\tat org.openqa.selenium.remote.ErrorCodec.decode(ErrorCodec.java:167)\n\tat org.openqa.selenium.remote.codec.w3c.W3CHttpResponseCodec.decode(W3CHttpResponseCodec.java:138)\n\tat org.openqa.selenium.remote.codec.w3c.W3CHttpResponseCodec.decode(W3CHttpResponseCodec.java:50)\n\tat org.openqa.selenium.remote.HttpCommandExecutor.execute(HttpCommandExecutor.java:190)\n\tat org.openqa.selenium.remote.service.DriverCommandExecutor.invokeExecute(DriverCommandExecutor.java:216)\n\tat org.openqa.selenium.remote.service.DriverCommandExecutor.execute(DriverCommandExecutor.java:174)\n\tat org.openqa.selenium.remote.RemoteWebDriver.execute(RemoteWebDriver.java:545)\n\tat org.openqa.selenium.remote.RemoteWebElement.execute(RemoteWebElement.java:223)\n\tat org.openqa.selenium.remote.RemoteWebElement.click(RemoteWebElement.java:76)\n\tat com.codeborne.selenide.commands.Click.defaultClick(Click.java:94)\n\tat com.codeborne.selenide.commands.Click.doClick(Click.java:72)\n\tat com.codeborne.selenide.commands.Click.click(Click.java:48)\n\tat com.codeborne.selenide.commands.Click.execute(Click.java:28)\n\tat com.codeborne.selenide.FluentCommand.execute(FluentCommand.java:27)\n\tat com.codeborne.selenide.FluentCommand.execute(FluentCommand.java:19)\n\tat com.codeborne.selenide.commands.Commands.execute(Commands.java:159)\n\tat com.codeborne.selenide.impl.SelenideElementProxy.dispatchAndRetry(SelenideElementProxy.java:131)\n\t... 39 more\n","steps":[],"attachments":[],"parameters":[],"shouldDisplayMessage":true,"stepsCount":0,"attachmentsCount":0,"hasContent":true,"attachmentStep":false}],"attachments":[],"parameters":[],"shouldDisplayMessage":false,"stepsCount":7,"attachmentsCount":0,"hasContent":true,"attachmentStep":false},"afterStages":[],"labels":[{"name":"tag","value":"Regression"},{"name":"junit.platform.uniqueid","value":"[engine:junit-jupiter]/[class:MtsBankTest]/[test-template:checkZalogKredit(java.lang.String, java.lang.String, java.lang.String, java.lang.String, java.lang.Integer, java.lang.Integer, java.lang.Integer)]/[test-template-invocation:#14]"},{"name":"epic","value":"Тестирование полной версии сайта"},{"name":"feature","value":"Проверка формы валидации для кредита под залог"},{"name":"host","value":"fv-az1393-708"},{"name":"thread","value":"2369@fv-az1393-708.ForkJoinPool-1-worker-3(28)"},{"name":"framework","value":"junit-platform"},{"name":"language","value":"java"},{"name":"package","value":"MtsBankTest"},{"name":"testClass","value":"MtsBankTest"},{"name":"testMethod","value":"checkZalogKredit"},{"name":"suite","value":"MtsBankTest"},{"name":"resultFormat","value":"allure2"}],"parameters":[],"links":[],"hidden":false,"retry":false,"extra":{"severity":"normal","retries":[],"categories":[{"name":"Product defects","matchedStatuses":[],"flaky":false}],"tags":["Regression"]},"source":"bd4bef8304c95731.json","parameterValues":[]}