{"uid":"e11581c157331f30","name":"checkZalogKredit(String, String, String, String, Integer, Integer, Integer) [23] а а а, aa@a.ru, 1231231233, 1.1.1, 3, 1, 20","fullName":"MtsBankTest.checkZalogKredit","historyId":"26d9a77539c376f304db6d9f267320f","time":{"start":1736084847198,"stop":1736084877609,"duration":30411},"description":"","status":"broken","statusMessage":"timeout: Timed out receiving message from renderer: 29.373\n  (Session info: chrome=131.0.6778.139)\nBuild info: version: '4.27.0', revision: 'd6e718d134'\nSystem info: os.name: 'Linux', os.arch: 'amd64', os.version: '6.5.0-1025-azure', java.version: '22.0.2'\nDriver info: org.openqa.selenium.chrome.ChromeDriver\nCommand: [d958db27f6006f7881797f0814671629, get {url=https://www.mtsbank.ru/}]\nselenide.url: https://www.mtsbank.ru/\nCapabilities {acceptInsecureCerts: true, browserName: chrome, browserVersion: 131.0.6778.139, chrome: {chromedriverVersion: 131.0.6778.204 (52183f9e99a..., userDataDir: /tmp/.org.chromium.Chromium...}, fedcm:accounts: true, goog:chromeOptions: {debuggerAddress: localhost:40945}, networkConnectionEnabled: false, pageLoadStrategy: normal, platformName: linux, proxy: Proxy(), se:cdp: ws://localhost:40945/devtoo..., se:cdpVersion: 131.0.6778.139, setWindowRect: true, strictFileInteractability: false, timeouts: {implicit: 0, pageLoad: 300000, script: 30000}, unhandledPromptBehavior: accept, webauthn:extension:credBlob: true, webauthn:extension:largeBlob: true, webauthn:extension:minPinLength: true, webauthn:extension:prf: true, webauthn:virtualAuthenticators: true}\nselenide.baseUrl: http://localhost:8080\nSession ID: d958db27f6006f7881797f0814671629","statusTrace":"org.openqa.selenium.TimeoutException: timeout: Timed out receiving message from renderer: 29.373\n  (Session info: chrome=131.0.6778.139)\nBuild info: version: '4.27.0', revision: 'd6e718d134'\nSystem info: os.name: 'Linux', os.arch: 'amd64', os.version: '6.5.0-1025-azure', java.version: '22.0.2'\nDriver info: org.openqa.selenium.chrome.ChromeDriver\nCommand: [d958db27f6006f7881797f0814671629, get {url=https://www.mtsbank.ru/}]\nselenide.url: https://www.mtsbank.ru/\nCapabilities {acceptInsecureCerts: true, browserName: chrome, browserVersion: 131.0.6778.139, chrome: {chromedriverVersion: 131.0.6778.204 (52183f9e99a..., userDataDir: /tmp/.org.chromium.Chromium...}, fedcm:accounts: true, goog:chromeOptions: {debuggerAddress: localhost:40945}, networkConnectionEnabled: false, pageLoadStrategy: normal, platformName: linux, proxy: Proxy(), se:cdp: ws://localhost:40945/devtoo..., se:cdpVersion: 131.0.6778.139, setWindowRect: true, strictFileInteractability: false, timeouts: {implicit: 0, pageLoad: 300000, script: 30000}, unhandledPromptBehavior: accept, webauthn:extension:credBlob: true, webauthn:extension:largeBlob: true, webauthn:extension:minPinLength: true, webauthn:extension:prf: true, webauthn:virtualAuthenticators: true}\nselenide.baseUrl: http://localhost:8080\nSession ID: d958db27f6006f7881797f0814671629\n\tat java.base/jdk.internal.reflect.DirectConstructorHandleAccessor.newInstance(DirectConstructorHandleAccessor.java:62)\n\tat java.base/java.lang.reflect.Constructor.newInstanceWithCaller(Constructor.java:502)\n\tat java.base/java.lang.reflect.Constructor.newInstance(Constructor.java:486)\n\tat org.openqa.selenium.remote.ErrorCodec.decode(ErrorCodec.java:167)\n\tat org.openqa.selenium.remote.codec.w3c.W3CHttpResponseCodec.decode(W3CHttpResponseCodec.java:138)\n\tat org.openqa.selenium.remote.codec.w3c.W3CHttpResponseCodec.decode(W3CHttpResponseCodec.java:50)\n\tat org.openqa.selenium.remote.HttpCommandExecutor.execute(HttpCommandExecutor.java:190)\n\tat org.openqa.selenium.remote.service.DriverCommandExecutor.invokeExecute(DriverCommandExecutor.java:216)\n\tat org.openqa.selenium.remote.service.DriverCommandExecutor.execute(DriverCommandExecutor.java:174)\n\tat org.openqa.selenium.remote.RemoteWebDriver.execute(RemoteWebDriver.java:545)\n\tat org.openqa.selenium.remote.RemoteWebDriver.get(RemoteWebDriver.java:313)\n\tat org.openqa.selenium.remote.RemoteWebDriver$RemoteNavigation.to(RemoteWebDriver.java:1090)\n\tat com.codeborne.selenide.drivercommands.Navigator.lambda$navigateTo$0(Navigator.java:69)\n\tat com.codeborne.selenide.logevents.SelenideLogger.lambda$run$0(SelenideLogger.java:94)\n\tat com.codeborne.selenide.logevents.SelenideLogger.wrap(SelenideLogger.java:123)\n\tat com.codeborne.selenide.logevents.SelenideLogger.run(SelenideLogger.java:93)\n\tat com.codeborne.selenide.drivercommands.Navigator.navigateTo(Navigator.java:65)\n\tat com.codeborne.selenide.drivercommands.Navigator.open(Navigator.java:29)\n\tat com.codeborne.selenide.SelenideDriver.open(SelenideDriver.java:86)\n\tat com.codeborne.selenide.Selenide.open(Selenide.java:50)\n\tat pages2.MainPage.<init>(MainPage.java:18)\n\tat MtsBankTest.checkZalogKredit(MtsBankTest.java:45)\n\tat java.base/java.lang.reflect.Method.invoke(Method.java:580)\n\tat java.base/java.util.concurrent.ForkJoinTask.doExec(ForkJoinTask.java:507)\n\tat java.base/java.util.concurrent.ForkJoinPool.helpJoin(ForkJoinPool.java:2324)\n\tat java.base/java.util.concurrent.ForkJoinTask.awaitDone(ForkJoinTask.java:495)\n\tat java.base/java.util.concurrent.ForkJoinTask.get(ForkJoinTask.java:1003)\n\tat java.base/java.util.concurrent.ForkJoinTask.doExec(ForkJoinTask.java:507)\n\tat java.base/java.util.concurrent.ForkJoinPool$WorkQueue.topLevelExec(ForkJoinPool.java:1489)\n\tat java.base/java.util.concurrent.ForkJoinPool.scan(ForkJoinPool.java:2071)\n\tat java.base/java.util.concurrent.ForkJoinPool.runWorker(ForkJoinPool.java:2033)\n\tat java.base/java.util.concurrent.ForkJoinWorkerThread.run(ForkJoinWorkerThread.java:187)\n","flaky":false,"newFailed":false,"newBroken":false,"newPassed":false,"retriesCount":7,"retriesStatusChange":true,"beforeStages":[],"afterStages":[],"labels":[{"name":"junit.platform.uniqueid","value":"[engine:junit-jupiter]/[class:MtsBankTest]/[test-template:checkZalogKredit(java.lang.String, java.lang.String, java.lang.String, java.lang.String, java.lang.Integer, java.lang.Integer, java.lang.Integer)]/[test-template-invocation:#23]"},{"name":"host","value":"fv-az885-478"},{"name":"thread","value":"2238@fv-az885-478.ForkJoinPool-1-worker-2(27)"},{"name":"framework","value":"junit-platform"},{"name":"language","value":"java"},{"name":"package","value":"MtsBankTest"},{"name":"testClass","value":"MtsBankTest"},{"name":"testMethod","value":"checkZalogKredit"},{"name":"suite","value":"MtsBankTest"},{"name":"resultFormat","value":"allure2"}],"parameters":[],"links":[],"hidden":false,"retry":false,"extra":{"severity":"normal","retries":[{"uid":"ebd14e86c6e11152","status":"passed","time":{"start":1736077448126,"stop":1736077464672,"duration":16546}},{"uid":"366fa004c7203045","status":"failed","statusDetails":"Element not found {By.xpath: //li[@id=\"react-autowhatever-1--item-0\"]}\r\nExpected: clickable: interactable and enabled\r\nScreenshot: file:/D:/MTS/mtsBankTest/build/reports/tests/1736077264817.2.png\r\nPage source: file:/D:/MTS/mtsBankTest/build/reports/tests/1736077264817.2.html\r\nTimeout: 4 s.\r\nCaused by: NoSuchElementException: no such element: Unable to locate element: {\"method\":\"xpath\",\"selector\":\"//li[@id=\"react-autowhatever-1--item-0\"]\"}","time":{"start":1736077249735,"stop":1736077265213,"duration":15478}},{"uid":"b32eb97d4cbb899f","status":"passed","time":{"start":1736077011251,"stop":1736077028120,"duration":16869}},{"uid":"81c425c772a2ce62","status":"failed","statusDetails":"Element should be clickable: interactable and enabled {By.xpath: //div[@class='sc-5055b9e7-8 dPjVPg']//div//a[contains(text(),\"Кредит под залог недвижимости\")]}\r\nElement: '<a class=\"LinkWrapper-sc-f1cacf38-0 jeazkY sc-b8c82a22-0 feYcWP\" data-testid=\"link\" href=\"/chastnim-licam/ipoteka/kredit-pod-zalog/\" displayed:false></a>'\r\nActual value: hidden, opacity=1\r\nScreenshot: file:/D:/MTS/mtsBankTest/build/reports/tests/1736075171806.6.png\r\nPage source: file:/D:/MTS/mtsBankTest/build/reports/tests/1736075171806.6.html\r\nTimeout: 4 s.","time":{"start":1736075154273,"stop":1736075173479,"duration":19206}},{"uid":"27a41a28e4c9cf31","status":"passed","time":{"start":1736072173701,"stop":1736072184244,"duration":10543}},{"uid":"41ea2be7e434c4d9","status":"passed","time":{"start":1735925244854,"stop":1735925255382,"duration":10528}},{"uid":"d621ffe8cd8bb43a","status":"failed","statusDetails":"Element not found {By.xpath: //div[@class=\"InputWrapper-sc-j3a9iz-3 ZPCho\" and @rows=3]//input[0]}\r\nExpected: visible\r\nScreenshot: file:/D:/MTS/mtsBankTest/build/reports/tests/1735924730299.1.png\r\nPage source: file:/D:/MTS/mtsBankTest/build/reports/tests/1735924730299.1.html\r\nTimeout: 4 s.\r\nCaused by: NoSuchElementException: no such element: Unable to locate element: {\"method\":\"xpath\",\"selector\":\"//div[@class=\"InputWrapper-sc-j3a9iz-3 ZPCho\" and @rows=3]//input\"}","time":{"start":1735924717065,"stop":1735924730745,"duration":13680}}],"categories":[{"name":"Test defects","matchedStatuses":[],"flaky":false}],"tags":[]},"source":"e11581c157331f30.json","parameterValues":[]}