{"uid":"847415fdb7121685","name":"test(String, String, String, String, Integer, Integer, Integer) [11] и ф о, aa@a.a, 123, 12.12.1984, 2, 99999999, 0","fullName":"MtsBankMobileTest.test","historyId":"445c08d79b59681364c73afecb5ff53d","time":{"start":1738939209196,"stop":1738939532828,"duration":323632},"description":"Проверка формы валидации данных о пользователе для кредита под залог","descriptionHtml":"<p>Проверка формы валидации данных о пользователе для кредита под залог</p>\n","status":"failed","statusMessage":"TimeoutException: java.util.concurrent.TimeoutException\nScreenshot: file:/home/runner/work/mtsBankTest/mtsBankTest/build/reports/tests/1738939528495.15.png\nPage source: file:/home/runner/work/mtsBankTest/mtsBankTest/build/reports/tests/1738939528495.15.html\nTimeout: 4 s.\nCaused by: TimeoutException: java.util.concurrent.TimeoutException","statusTrace":"TimeoutException: java.util.concurrent.TimeoutException\nScreenshot: file:/home/runner/work/mtsBankTest/mtsBankTest/build/reports/tests/1738939528495.15.png\nPage source: file:/home/runner/work/mtsBankTest/mtsBankTest/build/reports/tests/1738939528495.15.html\nTimeout: 4 s.\nCaused by: TimeoutException: java.util.concurrent.TimeoutException\n\tat com.codeborne.selenide.ex.UIAssertionError.wrapToUIAssertionError(UIAssertionError.java:121)\n\tat com.codeborne.selenide.ex.UIAssertionError.wrapThrowable(UIAssertionError.java:103)\n\tat com.codeborne.selenide.ex.UIAssertionError.wrap(UIAssertionError.java:98)\n\tat com.codeborne.selenide.impl.SelenideElementProxy.invoke(SelenideElementProxy.java:93)\n\tat jdk.proxy2/jdk.proxy2.$Proxy19.click(Unknown Source)\n\tat pages2.Mobile.MainPage.openKreditPodZalog(MainPage.java:27)\n\tat MtsBankMobileTest.test(MtsBankMobileTest.java:47)\n\tat java.base/java.lang.reflect.Method.invoke(Method.java:580)\n\tat java.base/java.util.stream.ForEachOps$ForEachOp$OfRef.accept(ForEachOps.java:184)\n\tat java.base/java.util.stream.ReferencePipeline$3$1.accept(ReferencePipeline.java:212)\n\tat java.base/java.util.stream.ReferencePipeline$2$1.accept(ReferencePipeline.java:194)\n\tat java.base/java.util.stream.ReferencePipeline$3$1.accept(ReferencePipeline.java:212)\n\tat java.base/java.util.stream.ForEachOps$ForEachOp$OfRef.accept(ForEachOps.java:184)\n\tat java.base/java.util.stream.ReferencePipeline$3$1.accept(ReferencePipeline.java:212)\n\tat java.base/java.util.stream.ForEachOps$ForEachOp$OfRef.accept(ForEachOps.java:184)\n\tat java.base/java.util.ArrayList$ArrayListSpliterator.forEachRemaining(ArrayList.java:1709)\n\tat java.base/java.util.stream.ReferencePipeline$Head.forEach(ReferencePipeline.java:782)\n\tat java.base/java.util.stream.ReferencePipeline$7$1.accept(ReferencePipeline.java:291)\n\tat java.base/java.util.ArrayList$ArrayListSpliterator.forEachRemaining(ArrayList.java:1709)\n\tat java.base/java.util.stream.AbstractPipeline.copyInto(AbstractPipeline.java:556)\n\tat java.base/java.util.stream.AbstractPipeline.wrapAndCopyInto(AbstractPipeline.java:546)\n\tat java.base/java.util.stream.ForEachOps$ForEachOp.evaluateSequential(ForEachOps.java:151)\n\tat java.base/java.util.stream.ForEachOps$ForEachOp$OfRef.evaluateSequential(ForEachOps.java:174)\n\tat java.base/java.util.stream.AbstractPipeline.evaluate(AbstractPipeline.java:265)\n\tat java.base/java.util.stream.ReferencePipeline.forEach(ReferencePipeline.java:611)\n\tat java.base/java.util.stream.ReferencePipeline$7$1.accept(ReferencePipeline.java:291)\n\tat java.base/java.util.stream.ReferencePipeline$3$1.accept(ReferencePipeline.java:212)\n\tat java.base/java.util.stream.ReferencePipeline$3$1.accept(ReferencePipeline.java:212)\n\tat java.base/java.util.stream.ReferencePipeline$3$1.accept(ReferencePipeline.java:212)\n\tat java.base/java.util.ArrayList$ArrayListSpliterator.forEachRemaining(ArrayList.java:1709)\n\tat java.base/java.util.stream.AbstractPipeline.copyInto(AbstractPipeline.java:556)\n\tat java.base/java.util.stream.AbstractPipeline.wrapAndCopyInto(AbstractPipeline.java:546)\n\tat java.base/java.util.stream.ForEachOps$ForEachOp.evaluateSequential(ForEachOps.java:151)\n\tat java.base/java.util.stream.ForEachOps$ForEachOp$OfRef.evaluateSequential(ForEachOps.java:174)\n\tat java.base/java.util.stream.AbstractPipeline.evaluate(AbstractPipeline.java:265)\n\tat java.base/java.util.stream.ReferencePipeline.forEach(ReferencePipeline.java:611)\n\tat java.base/java.util.stream.ReferencePipeline$7$1.accept(ReferencePipeline.java:291)\n\tat java.base/java.util.ArrayList$ArrayListSpliterator.forEachRemaining(ArrayList.java:1709)\n\tat java.base/java.util.stream.AbstractPipeline.copyInto(AbstractPipeline.java:556)\n\tat java.base/java.util.stream.AbstractPipeline.wrapAndCopyInto(AbstractPipeline.java:546)\n\tat java.base/java.util.stream.ForEachOps$ForEachOp.evaluateSequential(ForEachOps.java:151)\n\tat java.base/java.util.stream.ForEachOps$ForEachOp$OfRef.evaluateSequential(ForEachOps.java:174)\n\tat java.base/java.util.stream.AbstractPipeline.evaluate(AbstractPipeline.java:265)\n\tat java.base/java.util.stream.ReferencePipeline.forEach(ReferencePipeline.java:611)\n\tat java.base/java.util.concurrent.ForkJoinTask.doExec(ForkJoinTask.java:507)\n\tat java.base/java.util.concurrent.ForkJoinPool$WorkQueue.topLevelExec(ForkJoinPool.java:1489)\n\tat java.base/java.util.concurrent.ForkJoinPool.scan(ForkJoinPool.java:2071)\n\tat java.base/java.util.concurrent.ForkJoinPool.runWorker(ForkJoinPool.java:2033)\n\tat java.base/java.util.concurrent.ForkJoinWorkerThread.run(ForkJoinWorkerThread.java:187)\nCaused by: org.openqa.selenium.TimeoutException: java.util.concurrent.TimeoutException\nBuild info: version: '4.27.0', revision: 'd6e718d134'\nSystem info: os.name: 'Linux', os.arch: 'amd64', os.version: '6.8.0-1020-azure', java.version: '22.0.2'\nDriver info: org.openqa.selenium.chrome.ChromeDriver\nCommand: [676fb78b03e127b34733824491ce6f92, clickElement {id=f.F35F1862F5104AEF453B766B3BDBC32F.d.60719E91120BA2668031B73EA3771CB3.e.45}]\nCapabilities {acceptInsecureCerts: true, browserName: chrome, browserVersion: 132.0.6834.159, chrome: {chromedriverVersion: 132.0.6834.159 (2d77d3fc445..., userDataDir: /tmp/.org.chromium.Chromium...}, fedcm:accounts: true, goog:chromeOptions: {debuggerAddress: localhost:36791}, networkConnectionEnabled: false, pageLoadStrategy: normal, platformName: linux, proxy: Proxy(), se:cdp: ws://localhost:36791/devtoo..., se:cdpVersion: 132.0.6834.159, setWindowRect: true, strictFileInteractability: false, timeouts: {implicit: 0, pageLoad: 300000, script: 30000}, unhandledPromptBehavior: accept, webauthn:extension:credBlob: true, webauthn:extension:largeBlob: true, webauthn:extension:minPinLength: true, webauthn:extension:prf: true, webauthn:virtualAuthenticators: true}\nElement: [[ChromeDriver: chrome on linux (676fb78b03e127b34733824491ce6f92)] -> xpath: //img[@alt=\"Кредиты\"]]\nSession ID: 676fb78b03e127b34733824491ce6f92\n\tat org.openqa.selenium.remote.http.jdk.JdkHttpClient.execute(JdkHttpClient.java:423)\n\tat org.openqa.selenium.remote.HttpCommandExecutor.execute(HttpCommandExecutor.java:187)\n\tat org.openqa.selenium.remote.service.DriverCommandExecutor.invokeExecute(DriverCommandExecutor.java:216)\n\tat org.openqa.selenium.remote.service.DriverCommandExecutor.execute(DriverCommandExecutor.java:174)\n\tat org.openqa.selenium.remote.RemoteWebDriver.execute(RemoteWebDriver.java:545)\n\tat org.openqa.selenium.remote.RemoteWebElement.execute(RemoteWebElement.java:223)\n\tat org.openqa.selenium.remote.RemoteWebElement.click(RemoteWebElement.java:76)\n\tat com.codeborne.selenide.commands.Click.defaultClick(Click.java:94)\n\tat com.codeborne.selenide.commands.Click.doClick(Click.java:72)\n\tat com.codeborne.selenide.commands.Click.click(Click.java:48)\n\tat com.codeborne.selenide.commands.Click.execute(Click.java:28)\n\tat com.codeborne.selenide.FluentCommand.execute(FluentCommand.java:27)\n\tat com.codeborne.selenide.FluentCommand.execute(FluentCommand.java:19)\n\tat com.codeborne.selenide.commands.Commands.execute(Commands.java:159)\n\tat com.codeborne.selenide.impl.SelenideElementProxy.dispatchAndRetry(SelenideElementProxy.java:131)\n\tat com.codeborne.selenide.impl.SelenideElementProxy.invoke(SelenideElementProxy.java:83)\n\t... 45 more\nCaused by: java.util.concurrent.TimeoutException\n\tat java.base/java.util.concurrent.CompletableFuture$Timeout.run(CompletableFuture.java:2920)\n\tat java.base/java.util.concurrent.Executors$RunnableAdapter.call(Executors.java:572)\n\tat java.base/java.util.concurrent.FutureTask.run(FutureTask.java:317)\n\tat java.base/java.util.concurrent.ScheduledThreadPoolExecutor$ScheduledFutureTask.run(ScheduledThreadPoolExecutor.java:304)\n\tat java.base/java.util.concurrent.ThreadPoolExecutor.runWorker(ThreadPoolExecutor.java:1144)\n\tat java.base/java.util.concurrent.ThreadPoolExecutor$Worker.run(ThreadPoolExecutor.java:642)\n\tat java.base/java.lang.Thread.run(Thread.java:1570)\n","flaky":false,"newFailed":false,"newBroken":false,"newPassed":false,"retriesCount":0,"retriesStatusChange":false,"beforeStages":[],"testStage":{"description":"Проверка формы валидации данных о пользователе для кредита под залог","status":"failed","statusMessage":"TimeoutException: java.util.concurrent.TimeoutException\nScreenshot: file:/home/runner/work/mtsBankTest/mtsBankTest/build/reports/tests/1738939528495.15.png\nPage source: file:/home/runner/work/mtsBankTest/mtsBankTest/build/reports/tests/1738939528495.15.html\nTimeout: 4 s.\nCaused by: TimeoutException: java.util.concurrent.TimeoutException","statusTrace":"TimeoutException: java.util.concurrent.TimeoutException\nScreenshot: file:/home/runner/work/mtsBankTest/mtsBankTest/build/reports/tests/1738939528495.15.png\nPage source: file:/home/runner/work/mtsBankTest/mtsBankTest/build/reports/tests/1738939528495.15.html\nTimeout: 4 s.\nCaused by: TimeoutException: java.util.concurrent.TimeoutException\n\tat com.codeborne.selenide.ex.UIAssertionError.wrapToUIAssertionError(UIAssertionError.java:121)\n\tat com.codeborne.selenide.ex.UIAssertionError.wrapThrowable(UIAssertionError.java:103)\n\tat com.codeborne.selenide.ex.UIAssertionError.wrap(UIAssertionError.java:98)\n\tat com.codeborne.selenide.impl.SelenideElementProxy.invoke(SelenideElementProxy.java:93)\n\tat jdk.proxy2/jdk.proxy2.$Proxy19.click(Unknown Source)\n\tat pages2.Mobile.MainPage.openKreditPodZalog(MainPage.java:27)\n\tat MtsBankMobileTest.test(MtsBankMobileTest.java:47)\n\tat java.base/java.lang.reflect.Method.invoke(Method.java:580)\n\tat java.base/java.util.stream.ForEachOps$ForEachOp$OfRef.accept(ForEachOps.java:184)\n\tat java.base/java.util.stream.ReferencePipeline$3$1.accept(ReferencePipeline.java:212)\n\tat java.base/java.util.stream.ReferencePipeline$2$1.accept(ReferencePipeline.java:194)\n\tat java.base/java.util.stream.ReferencePipeline$3$1.accept(ReferencePipeline.java:212)\n\tat java.base/java.util.stream.ForEachOps$ForEachOp$OfRef.accept(ForEachOps.java:184)\n\tat java.base/java.util.stream.ReferencePipeline$3$1.accept(ReferencePipeline.java:212)\n\tat java.base/java.util.stream.ForEachOps$ForEachOp$OfRef.accept(ForEachOps.java:184)\n\tat java.base/java.util.ArrayList$ArrayListSpliterator.forEachRemaining(ArrayList.java:1709)\n\tat java.base/java.util.stream.ReferencePipeline$Head.forEach(ReferencePipeline.java:782)\n\tat java.base/java.util.stream.ReferencePipeline$7$1.accept(ReferencePipeline.java:291)\n\tat java.base/java.util.ArrayList$ArrayListSpliterator.forEachRemaining(ArrayList.java:1709)\n\tat java.base/java.util.stream.AbstractPipeline.copyInto(AbstractPipeline.java:556)\n\tat java.base/java.util.stream.AbstractPipeline.wrapAndCopyInto(AbstractPipeline.java:546)\n\tat java.base/java.util.stream.ForEachOps$ForEachOp.evaluateSequential(ForEachOps.java:151)\n\tat java.base/java.util.stream.ForEachOps$ForEachOp$OfRef.evaluateSequential(ForEachOps.java:174)\n\tat java.base/java.util.stream.AbstractPipeline.evaluate(AbstractPipeline.java:265)\n\tat java.base/java.util.stream.ReferencePipeline.forEach(ReferencePipeline.java:611)\n\tat java.base/java.util.stream.ReferencePipeline$7$1.accept(ReferencePipeline.java:291)\n\tat java.base/java.util.stream.ReferencePipeline$3$1.accept(ReferencePipeline.java:212)\n\tat java.base/java.util.stream.ReferencePipeline$3$1.accept(ReferencePipeline.java:212)\n\tat java.base/java.util.stream.ReferencePipeline$3$1.accept(ReferencePipeline.java:212)\n\tat java.base/java.util.ArrayList$ArrayListSpliterator.forEachRemaining(ArrayList.java:1709)\n\tat java.base/java.util.stream.AbstractPipeline.copyInto(AbstractPipeline.java:556)\n\tat java.base/java.util.stream.AbstractPipeline.wrapAndCopyInto(AbstractPipeline.java:546)\n\tat java.base/java.util.stream.ForEachOps$ForEachOp.evaluateSequential(ForEachOps.java:151)\n\tat java.base/java.util.stream.ForEachOps$ForEachOp$OfRef.evaluateSequential(ForEachOps.java:174)\n\tat java.base/java.util.stream.AbstractPipeline.evaluate(AbstractPipeline.java:265)\n\tat java.base/java.util.stream.ReferencePipeline.forEach(ReferencePipeline.java:611)\n\tat java.base/java.util.stream.ReferencePipeline$7$1.accept(ReferencePipeline.java:291)\n\tat java.base/java.util.ArrayList$ArrayListSpliterator.forEachRemaining(ArrayList.java:1709)\n\tat java.base/java.util.stream.AbstractPipeline.copyInto(AbstractPipeline.java:556)\n\tat java.base/java.util.stream.AbstractPipeline.wrapAndCopyInto(AbstractPipeline.java:546)\n\tat java.base/java.util.stream.ForEachOps$ForEachOp.evaluateSequential(ForEachOps.java:151)\n\tat java.base/java.util.stream.ForEachOps$ForEachOp$OfRef.evaluateSequential(ForEachOps.java:174)\n\tat java.base/java.util.stream.AbstractPipeline.evaluate(AbstractPipeline.java:265)\n\tat java.base/java.util.stream.ReferencePipeline.forEach(ReferencePipeline.java:611)\n\tat java.base/java.util.concurrent.ForkJoinTask.doExec(ForkJoinTask.java:507)\n\tat java.base/java.util.concurrent.ForkJoinPool$WorkQueue.topLevelExec(ForkJoinPool.java:1489)\n\tat java.base/java.util.concurrent.ForkJoinPool.scan(ForkJoinPool.java:2071)\n\tat java.base/java.util.concurrent.ForkJoinPool.runWorker(ForkJoinPool.java:2033)\n\tat java.base/java.util.concurrent.ForkJoinWorkerThread.run(ForkJoinWorkerThread.java:187)\nCaused by: org.openqa.selenium.TimeoutException: java.util.concurrent.TimeoutException\nBuild info: version: '4.27.0', revision: 'd6e718d134'\nSystem info: os.name: 'Linux', os.arch: 'amd64', os.version: '6.8.0-1020-azure', java.version: '22.0.2'\nDriver info: org.openqa.selenium.chrome.ChromeDriver\nCommand: [676fb78b03e127b34733824491ce6f92, clickElement {id=f.F35F1862F5104AEF453B766B3BDBC32F.d.60719E91120BA2668031B73EA3771CB3.e.45}]\nCapabilities {acceptInsecureCerts: true, browserName: chrome, browserVersion: 132.0.6834.159, chrome: {chromedriverVersion: 132.0.6834.159 (2d77d3fc445..., userDataDir: /tmp/.org.chromium.Chromium...}, fedcm:accounts: true, goog:chromeOptions: {debuggerAddress: localhost:36791}, networkConnectionEnabled: false, pageLoadStrategy: normal, platformName: linux, proxy: Proxy(), se:cdp: ws://localhost:36791/devtoo..., se:cdpVersion: 132.0.6834.159, setWindowRect: true, strictFileInteractability: false, timeouts: {implicit: 0, pageLoad: 300000, script: 30000}, unhandledPromptBehavior: accept, webauthn:extension:credBlob: true, webauthn:extension:largeBlob: true, webauthn:extension:minPinLength: true, webauthn:extension:prf: true, webauthn:virtualAuthenticators: true}\nElement: [[ChromeDriver: chrome on linux (676fb78b03e127b34733824491ce6f92)] -> xpath: //img[@alt=\"Кредиты\"]]\nSession ID: 676fb78b03e127b34733824491ce6f92\n\tat org.openqa.selenium.remote.http.jdk.JdkHttpClient.execute(JdkHttpClient.java:423)\n\tat org.openqa.selenium.remote.HttpCommandExecutor.execute(HttpCommandExecutor.java:187)\n\tat org.openqa.selenium.remote.service.DriverCommandExecutor.invokeExecute(DriverCommandExecutor.java:216)\n\tat org.openqa.selenium.remote.service.DriverCommandExecutor.execute(DriverCommandExecutor.java:174)\n\tat org.openqa.selenium.remote.RemoteWebDriver.execute(RemoteWebDriver.java:545)\n\tat org.openqa.selenium.remote.RemoteWebElement.execute(RemoteWebElement.java:223)\n\tat org.openqa.selenium.remote.RemoteWebElement.click(RemoteWebElement.java:76)\n\tat com.codeborne.selenide.commands.Click.defaultClick(Click.java:94)\n\tat com.codeborne.selenide.commands.Click.doClick(Click.java:72)\n\tat com.codeborne.selenide.commands.Click.click(Click.java:48)\n\tat com.codeborne.selenide.commands.Click.execute(Click.java:28)\n\tat com.codeborne.selenide.FluentCommand.execute(FluentCommand.java:27)\n\tat com.codeborne.selenide.FluentCommand.execute(FluentCommand.java:19)\n\tat com.codeborne.selenide.commands.Commands.execute(Commands.java:159)\n\tat com.codeborne.selenide.impl.SelenideElementProxy.dispatchAndRetry(SelenideElementProxy.java:131)\n\tat com.codeborne.selenide.impl.SelenideElementProxy.invoke(SelenideElementProxy.java:83)\n\t... 45 more\nCaused by: java.util.concurrent.TimeoutException\n\tat java.base/java.util.concurrent.CompletableFuture$Timeout.run(CompletableFuture.java:2920)\n\tat java.base/java.util.concurrent.Executors$RunnableAdapter.call(Executors.java:572)\n\tat java.base/java.util.concurrent.FutureTask.run(FutureTask.java:317)\n\tat java.base/java.util.concurrent.ScheduledThreadPoolExecutor$ScheduledFutureTask.run(ScheduledThreadPoolExecutor.java:304)\n\tat java.base/java.util.concurrent.ThreadPoolExecutor.runWorker(ThreadPoolExecutor.java:1144)\n\tat java.base/java.util.concurrent.ThreadPoolExecutor$Worker.run(ThreadPoolExecutor.java:642)\n\tat java.base/java.lang.Thread.run(Thread.java:1570)\n","steps":[{"name":"Переход на страницу кредита под залог","time":{"start":1738939348138,"stop":1738939532718,"duration":184580},"status":"failed","statusMessage":"TimeoutException: java.util.concurrent.TimeoutException\nScreenshot: file:/home/runner/work/mtsBankTest/mtsBankTest/build/reports/tests/1738939528495.15.png\nPage source: file:/home/runner/work/mtsBankTest/mtsBankTest/build/reports/tests/1738939528495.15.html\nTimeout: 4 s.\nCaused by: TimeoutException: java.util.concurrent.TimeoutException","statusTrace":"TimeoutException: java.util.concurrent.TimeoutException\nScreenshot: file:/home/runner/work/mtsBankTest/mtsBankTest/build/reports/tests/1738939528495.15.png\nPage source: file:/home/runner/work/mtsBankTest/mtsBankTest/build/reports/tests/1738939528495.15.html\nTimeout: 4 s.\nCaused by: TimeoutException: java.util.concurrent.TimeoutException\n\tat com.codeborne.selenide.ex.UIAssertionError.wrapToUIAssertionError(UIAssertionError.java:121)\n\tat com.codeborne.selenide.ex.UIAssertionError.wrapThrowable(UIAssertionError.java:103)\n\tat com.codeborne.selenide.ex.UIAssertionError.wrap(UIAssertionError.java:98)\n\tat com.codeborne.selenide.impl.SelenideElementProxy.invoke(SelenideElementProxy.java:93)\n\tat jdk.proxy2/jdk.proxy2.$Proxy19.click(Unknown Source)\n\tat pages2.Mobile.MainPage.openKreditPodZalog(MainPage.java:27)\n\tat MtsBankMobileTest.test(MtsBankMobileTest.java:47)\n\tat java.base/jdk.internal.reflect.DirectMethodHandleAccessor.invoke(DirectMethodHandleAccessor.java:103)\n\tat java.base/java.lang.reflect.Method.invoke(Method.java:580)\n\tat org.junit.platform.commons.util.ReflectionUtils.invokeMethod(ReflectionUtils.java:767)\n\tat org.junit.jupiter.engine.execution.MethodInvocation.proceed(MethodInvocation.java:60)\n\tat org.junit.jupiter.engine.execution.InvocationInterceptorChain$ValidatingInvocation.proceed(InvocationInterceptorChain.java:131)\n\tat org.junit.jupiter.engine.extension.TimeoutExtension.intercept(TimeoutExtension.java:156)\n\tat org.junit.jupiter.engine.extension.TimeoutExtension.interceptTestableMethod(TimeoutExtension.java:147)\n\tat org.junit.jupiter.engine.extension.TimeoutExtension.interceptTestTemplateMethod(TimeoutExtension.java:94)\n\tat org.junit.jupiter.engine.execution.InterceptingExecutableInvoker$ReflectiveInterceptorCall.lambda$ofVoidMethod$0(InterceptingExecutableInvoker.java:103)\n\tat org.junit.jupiter.engine.execution.InterceptingExecutableInvoker.lambda$invoke$0(InterceptingExecutableInvoker.java:93)\n\tat org.junit.jupiter.engine.execution.InvocationInterceptorChain$InterceptedInvocation.proceed(InvocationInterceptorChain.java:106)\n\tat org.junit.jupiter.engine.execution.InvocationInterceptorChain.proceed(InvocationInterceptorChain.java:64)\n\tat org.junit.jupiter.engine.execution.InvocationInterceptorChain.chainAndInvoke(InvocationInterceptorChain.java:45)\n\tat org.junit.jupiter.engine.execution.InvocationInterceptorChain.invoke(InvocationInterceptorChain.java:37)\n\tat org.junit.jupiter.engine.execution.InterceptingExecutableInvoker.invoke(InterceptingExecutableInvoker.java:92)\n\tat org.junit.jupiter.engine.execution.InterceptingExecutableInvoker.invoke(InterceptingExecutableInvoker.java:86)\n\tat org.junit.jupiter.engine.descriptor.TestMethodTestDescriptor.lambda$invokeTestMethod$8(TestMethodTestDescriptor.java:217)\n\tat org.junit.platform.engine.support.hierarchical.ThrowableCollector.execute(ThrowableCollector.java:73)\n\tat org.junit.jupiter.engine.descriptor.TestMethodTestDescriptor.invokeTestMethod(TestMethodTestDescriptor.java:213)\n\tat org.junit.jupiter.engine.descriptor.TestMethodTestDescriptor.execute(TestMethodTestDescriptor.java:138)\n\tat org.junit.jupiter.engine.descriptor.TestMethodTestDescriptor.execute(TestMethodTestDescriptor.java:68)\n\tat org.junit.platform.engine.support.hierarchical.NodeTestTask.lambda$executeRecursively$6(NodeTestTask.java:156)\n\tat org.junit.platform.engine.support.hierarchical.ThrowableCollector.execute(ThrowableCollector.java:73)\n\tat org.junit.platform.engine.support.hierarchical.NodeTestTask.lambda$executeRecursively$8(NodeTestTask.java:146)\n\tat org.junit.platform.engine.support.hierarchical.Node.around(Node.java:137)\n\tat org.junit.platform.engine.support.hierarchical.NodeTestTask.lambda$executeRecursively$9(NodeTestTask.java:144)\n\tat org.junit.platform.engine.support.hierarchical.ThrowableCollector.execute(ThrowableCollector.java:73)\n\tat org.junit.platform.engine.support.hierarchical.NodeTestTask.executeRecursively(NodeTestTask.java:143)\n\tat org.junit.platform.engine.support.hierarchical.NodeTestTask.execute(NodeTestTask.java:100)\n\tat org.junit.platform.engine.support.hierarchical.ForkJoinPoolHierarchicalTestExecutorService$ExclusiveTask.exec(ForkJoinPoolHierarchicalTestExecutorService.java:274)\n\tat org.junit.platform.engine.support.hierarchical.ForkJoinPoolHierarchicalTestExecutorService$ExclusiveTask.execSync(ForkJoinPoolHierarchicalTestExecutorService.java:247)\n\tat org.junit.platform.engine.support.hierarchical.ForkJoinPoolHierarchicalTestExecutorService.submit(ForkJoinPoolHierarchicalTestExecutorService.java:148)\n\tat org.junit.platform.engine.support.hierarchical.NodeTestTask$DefaultDynamicTestExecutor.execute(NodeTestTask.java:231)\n\tat org.junit.platform.engine.support.hierarchical.NodeTestTask$DefaultDynamicTestExecutor.execute(NodeTestTask.java:209)\n\tat org.junit.jupiter.engine.descriptor.TestTemplateTestDescriptor.execute(TestTemplateTestDescriptor.java:141)\n\tat org.junit.jupiter.engine.descriptor.TestTemplateTestDescriptor.lambda$execute$3(TestTemplateTestDescriptor.java:109)\n\tat java.base/java.util.stream.ForEachOps$ForEachOp$OfRef.accept(ForEachOps.java:184)\n\tat java.base/java.util.stream.ReferencePipeline$3$1.accept(ReferencePipeline.java:212)\n\tat java.base/java.util.stream.ReferencePipeline$2$1.accept(ReferencePipeline.java:194)\n\tat java.base/java.util.stream.ReferencePipeline$3$1.accept(ReferencePipeline.java:212)\n\tat java.base/java.util.stream.ForEachOps$ForEachOp$OfRef.accept(ForEachOps.java:184)\n\tat java.base/java.util.stream.ReferencePipeline$3$1.accept(ReferencePipeline.java:212)\n\tat java.base/java.util.stream.ForEachOps$ForEachOp$OfRef.accept(ForEachOps.java:184)\n\tat java.base/java.util.ArrayList$ArrayListSpliterator.forEachRemaining(ArrayList.java:1709)\n\tat java.base/java.util.stream.ReferencePipeline$Head.forEach(ReferencePipeline.java:782)\n\tat java.base/java.util.stream.ReferencePipeline$7$1.accept(ReferencePipeline.java:291)\n\tat java.base/java.util.ArrayList$ArrayListSpliterator.forEachRemaining(ArrayList.java:1709)\n\tat java.base/java.util.stream.AbstractPipeline.copyInto(AbstractPipeline.java:556)\n\tat java.base/java.util.stream.AbstractPipeline.wrapAndCopyInto(AbstractPipeline.java:546)\n\tat java.base/java.util.stream.ForEachOps$ForEachOp.evaluateSequential(ForEachOps.java:151)\n\tat java.base/java.util.stream.ForEachOps$ForEachOp$OfRef.evaluateSequential(ForEachOps.java:174)\n\tat java.base/java.util.stream.AbstractPipeline.evaluate(AbstractPipeline.java:265)\n\tat java.base/java.util.stream.ReferencePipeline.forEach(ReferencePipeline.java:611)\n\tat java.base/java.util.stream.ReferencePipeline$7$1.accept(ReferencePipeline.java:291)\n\tat java.base/java.util.stream.ReferencePipeline$3$1.accept(ReferencePipeline.java:212)\n\tat java.base/java.util.stream.ReferencePipeline$3$1.accept(ReferencePipeline.java:212)\n\tat java.base/java.util.stream.ReferencePipeline$3$1.accept(ReferencePipeline.java:212)\n\tat java.base/java.util.ArrayList$ArrayListSpliterator.forEachRemaining(ArrayList.java:1709)\n\tat java.base/java.util.stream.AbstractPipeline.copyInto(AbstractPipeline.java:556)\n\tat java.base/java.util.stream.AbstractPipeline.wrapAndCopyInto(AbstractPipeline.java:546)\n\tat java.base/java.util.stream.ForEachOps$ForEachOp.evaluateSequential(ForEachOps.java:151)\n\tat java.base/java.util.stream.ForEachOps$ForEachOp$OfRef.evaluateSequential(ForEachOps.java:174)\n\tat java.base/java.util.stream.AbstractPipeline.evaluate(AbstractPipeline.java:265)\n\tat java.base/java.util.stream.ReferencePipeline.forEach(ReferencePipeline.java:611)\n\tat java.base/java.util.stream.ReferencePipeline$7$1.accept(ReferencePipeline.java:291)\n\tat java.base/java.util.ArrayList$ArrayListSpliterator.forEachRemaining(ArrayList.java:1709)\n\tat java.base/java.util.stream.AbstractPipeline.copyInto(AbstractPipeline.java:556)\n\tat java.base/java.util.stream.AbstractPipeline.wrapAndCopyInto(AbstractPipeline.java:546)\n\tat java.base/java.util.stream.ForEachOps$ForEachOp.evaluateSequential(ForEachOps.java:151)\n\tat java.base/java.util.stream.ForEachOps$ForEachOp$OfRef.evaluateSequential(ForEachOps.java:174)\n\tat java.base/java.util.stream.AbstractPipeline.evaluate(AbstractPipeline.java:265)\n\tat java.base/java.util.stream.ReferencePipeline.forEach(ReferencePipeline.java:611)\n\tat org.junit.jupiter.engine.descriptor.TestTemplateTestDescriptor.execute(TestTemplateTestDescriptor.java:109)\n\tat org.junit.jupiter.engine.descriptor.TestTemplateTestDescriptor.execute(TestTemplateTestDescriptor.java:43)\n\tat org.junit.platform.engine.support.hierarchical.NodeTestTask.lambda$executeRecursively$6(NodeTestTask.java:156)\n\tat org.junit.platform.engine.support.hierarchical.ThrowableCollector.execute(ThrowableCollector.java:73)\n\tat org.junit.platform.engine.support.hierarchical.NodeTestTask.lambda$executeRecursively$8(NodeTestTask.java:146)\n\tat org.junit.platform.engine.support.hierarchical.Node.around(Node.java:137)\n\tat org.junit.platform.engine.support.hierarchical.NodeTestTask.lambda$executeRecursively$9(NodeTestTask.java:144)\n\tat org.junit.platform.engine.support.hierarchical.ThrowableCollector.execute(ThrowableCollector.java:73)\n\tat org.junit.platform.engine.support.hierarchical.NodeTestTask.executeRecursively(NodeTestTask.java:143)\n\tat org.junit.platform.engine.support.hierarchical.NodeTestTask.execute(NodeTestTask.java:100)\n\tat org.junit.platform.engine.support.hierarchical.ForkJoinPoolHierarchicalTestExecutorService$ExclusiveTask.exec(ForkJoinPoolHierarchicalTestExecutorService.java:274)\n\tat java.base/java.util.concurrent.ForkJoinTask.doExec(ForkJoinTask.java:507)\n\tat java.base/java.util.concurrent.ForkJoinPool$WorkQueue.topLevelExec(ForkJoinPool.java:1489)\n\tat java.base/java.util.concurrent.ForkJoinPool.scan(ForkJoinPool.java:2071)\n\tat java.base/java.util.concurrent.ForkJoinPool.runWorker(ForkJoinPool.java:2033)\n\tat java.base/java.util.concurrent.ForkJoinWorkerThread.run(ForkJoinWorkerThread.java:187)\nCaused by: org.openqa.selenium.TimeoutException: java.util.concurrent.TimeoutException\nBuild info: version: '4.27.0', revision: 'd6e718d134'\nSystem info: os.name: 'Linux', os.arch: 'amd64', os.version: '6.8.0-1020-azure', java.version: '22.0.2'\nDriver info: org.openqa.selenium.chrome.ChromeDriver\nCommand: [676fb78b03e127b34733824491ce6f92, clickElement {id=f.F35F1862F5104AEF453B766B3BDBC32F.d.60719E91120BA2668031B73EA3771CB3.e.45}]\nCapabilities {acceptInsecureCerts: true, browserName: chrome, browserVersion: 132.0.6834.159, chrome: {chromedriverVersion: 132.0.6834.159 (2d77d3fc445..., userDataDir: /tmp/.org.chromium.Chromium...}, fedcm:accounts: true, goog:chromeOptions: {debuggerAddress: localhost:36791}, networkConnectionEnabled: false, pageLoadStrategy: normal, platformName: linux, proxy: Proxy(), se:cdp: ws://localhost:36791/devtoo..., se:cdpVersion: 132.0.6834.159, setWindowRect: true, strictFileInteractability: false, timeouts: {implicit: 0, pageLoad: 300000, script: 30000}, unhandledPromptBehavior: accept, webauthn:extension:credBlob: true, webauthn:extension:largeBlob: true, webauthn:extension:minPinLength: true, webauthn:extension:prf: true, webauthn:virtualAuthenticators: true}\nElement: [[ChromeDriver: chrome on linux (676fb78b03e127b34733824491ce6f92)] -> xpath: //img[@alt=\"Кредиты\"]]\nSession ID: 676fb78b03e127b34733824491ce6f92\n\tat org.openqa.selenium.remote.http.jdk.JdkHttpClient.execute(JdkHttpClient.java:423)\n\tat org.openqa.selenium.remote.HttpCommandExecutor.execute(HttpCommandExecutor.java:187)\n\tat org.openqa.selenium.remote.service.DriverCommandExecutor.invokeExecute(DriverCommandExecutor.java:216)\n\tat org.openqa.selenium.remote.service.DriverCommandExecutor.execute(DriverCommandExecutor.java:174)\n\tat org.openqa.selenium.remote.RemoteWebDriver.execute(RemoteWebDriver.java:545)\n\tat org.openqa.selenium.remote.RemoteWebElement.execute(RemoteWebElement.java:223)\n\tat org.openqa.selenium.remote.RemoteWebElement.click(RemoteWebElement.java:76)\n\tat com.codeborne.selenide.commands.Click.defaultClick(Click.java:94)\n\tat com.codeborne.selenide.commands.Click.doClick(Click.java:72)\n\tat com.codeborne.selenide.commands.Click.click(Click.java:48)\n\tat com.codeborne.selenide.commands.Click.execute(Click.java:28)\n\tat com.codeborne.selenide.FluentCommand.execute(FluentCommand.java:27)\n\tat com.codeborne.selenide.FluentCommand.execute(FluentCommand.java:19)\n\tat com.codeborne.selenide.commands.Commands.execute(Commands.java:159)\n\tat com.codeborne.selenide.impl.SelenideElementProxy.dispatchAndRetry(SelenideElementProxy.java:131)\n\tat com.codeborne.selenide.impl.SelenideElementProxy.invoke(SelenideElementProxy.java:83)\n\t... 91 more\nCaused by: java.util.concurrent.TimeoutException\n\tat java.base/java.util.concurrent.CompletableFuture$Timeout.run(CompletableFuture.java:2920)\n\tat java.base/java.util.concurrent.Executors$RunnableAdapter.call(Executors.java:572)\n\tat java.base/java.util.concurrent.FutureTask.run(FutureTask.java:317)\n\tat java.base/java.util.concurrent.ScheduledThreadPoolExecutor$ScheduledFutureTask.run(ScheduledThreadPoolExecutor.java:304)\n\tat java.base/java.util.concurrent.ThreadPoolExecutor.runWorker(ThreadPoolExecutor.java:1144)\n\tat java.base/java.util.concurrent.ThreadPoolExecutor$Worker.run(ThreadPoolExecutor.java:642)\n\tat java.base/java.lang.Thread.run(Thread.java:1570)\n","steps":[],"attachments":[],"parameters":[],"shouldDisplayMessage":true,"stepsCount":0,"attachmentsCount":0,"hasContent":true,"attachmentStep":false}],"attachments":[],"parameters":[],"shouldDisplayMessage":false,"stepsCount":1,"attachmentsCount":0,"hasContent":true,"attachmentStep":false},"afterStages":[],"labels":[{"name":"tag","value":"Regression"},{"name":"junit.platform.uniqueid","value":"[engine:junit-jupiter]/[class:MtsBankMobileTest]/[test-template:test(java.lang.String, java.lang.String, java.lang.String, java.lang.String, java.lang.Integer, java.lang.Integer, java.lang.Integer)]/[test-template-invocation:#11]"},{"name":"epic","value":"Тестирование мобильной версии сайта"},{"name":"feature","value":"Проверка формы валидации для кредита под залог"},{"name":"host","value":"fv-az1921-300"},{"name":"thread","value":"17430@fv-az1921-300.ForkJoinPool-1-worker-3(28)"},{"name":"framework","value":"junit-platform"},{"name":"language","value":"java"},{"name":"package","value":"MtsBankMobileTest"},{"name":"testClass","value":"MtsBankMobileTest"},{"name":"testMethod","value":"test"},{"name":"suite","value":"MtsBankMobileTest"},{"name":"resultFormat","value":"allure2"}],"parameters":[],"links":[],"hidden":false,"retry":false,"extra":{"severity":"normal","retries":[],"categories":[{"name":"Product defects","matchedStatuses":[],"flaky":false}],"tags":["Regression"]},"source":"847415fdb7121685.json","parameterValues":[]}