{"uid":"ddcee586fe67d85b","name":"checkZalogKredit(String, String, String, String, Integer, Integer, Integer) [3] и ф о, aa@a.a, 1231231233, 12.12.1984, 4, 1, 0","fullName":"MtsBankTest.checkZalogKredit","historyId":"c4c60509767037f0bb64e881137ee495","time":{"start":1738348280513,"stop":1738348295546,"duration":15033},"description":"Проверка формы валидации данных о пользователе для кредита под залог","descriptionHtml":"<p>Проверка формы валидации данных о пользователе для кредита под залог</p>\n","status":"failed","statusMessage":"Invalid element state [By.xpath: //li[@id=\"react-autowhatever-1--item-0\"]]: element click intercepted: Element <li role=\"option\" id=\"react-autowhatever-1--item-0\" aria-selected=\"false\" class=\"react-autosuggest__suggestion react-autosuggest__suggestion--first\" data-suggestion-index=\"0\">...</li> is not clickable at point (654, 563). Other element would receive the click: <div data-testid=\"text\" class=\"Wrapper-sc-1vydk7-0 dPQSdP Label-sc-1uyl36s-2 ewlRGZ\">...</div>\nScreenshot: file:/home/runner/work/mtsBankTest/mtsBankTest/build/reports/tests/1738348295301.9.png\nPage source: file:/home/runner/work/mtsBankTest/mtsBankTest/build/reports/tests/1738348295301.9.html\nTimeout: 4 s.\nCaused by: ElementClickInterceptedException: element click intercepted: Element <li role=\"option\" id=\"react-autowhatever-1--item-0\" aria-selected=\"false\" class=\"react-autosuggest__suggestion react-autosuggest__suggestion--first\" data-suggestion-index=\"0\">...</li> is not clickable at point (654, 563). Other element would receive the click: <div data-testid=\"text\" class=\"Wrapper-sc-1vydk7-0 dPQSdP Label-sc-1uyl36s-2 ewlRGZ\">...</div>","statusTrace":"Invalid element state [By.xpath: //li[@id=\"react-autowhatever-1--item-0\"]]: element click intercepted: Element <li role=\"option\" id=\"react-autowhatever-1--item-0\" aria-selected=\"false\" class=\"react-autosuggest__suggestion react-autosuggest__suggestion--first\" data-suggestion-index=\"0\">...</li> is not clickable at point (654, 563). Other element would receive the click: <div data-testid=\"text\" class=\"Wrapper-sc-1vydk7-0 dPQSdP Label-sc-1uyl36s-2 ewlRGZ\">...</div>\nScreenshot: file:/home/runner/work/mtsBankTest/mtsBankTest/build/reports/tests/1738348295301.9.png\nPage source: file:/home/runner/work/mtsBankTest/mtsBankTest/build/reports/tests/1738348295301.9.html\nTimeout: 4 s.\nCaused by: ElementClickInterceptedException: element click intercepted: Element <li role=\"option\" id=\"react-autowhatever-1--item-0\" aria-selected=\"false\" class=\"react-autosuggest__suggestion react-autosuggest__suggestion--first\" data-suggestion-index=\"0\">...</li> is not clickable at point (654, 563). Other element would receive the click: <div data-testid=\"text\" class=\"Wrapper-sc-1vydk7-0 dPQSdP Label-sc-1uyl36s-2 ewlRGZ\">...</div>\n\tat com.codeborne.selenide.impl.ExceptionWrapper.wrap(ExceptionWrapper.java:19)\n\tat com.codeborne.selenide.impl.SelenideElementProxy.dispatchAndRetry(SelenideElementProxy.java:153)\n\tat com.codeborne.selenide.impl.SelenideElementProxy.invoke(SelenideElementProxy.java:83)\n\tat jdk.proxy2/jdk.proxy2.$Proxy24.click(Unknown Source)\n\tat pages2.Desktop.KreditPodZalog.fullfillKredit(KreditPodZalog.java:91)\n\tat MtsBankTest.checkZalogKredit(MtsBankTest.java:62)\n\tat java.base/java.lang.reflect.Method.invoke(Method.java:580)\n\tat java.base/java.util.concurrent.ForkJoinTask.doExec(ForkJoinTask.java:507)\n\tat java.base/java.util.concurrent.ForkJoinPool.helpJoin(ForkJoinPool.java:2324)\n\tat java.base/java.util.concurrent.ForkJoinTask.awaitDone(ForkJoinTask.java:495)\n\tat java.base/java.util.concurrent.ForkJoinTask.join(ForkJoinTask.java:662)\n\tat java.base/java.util.concurrent.ForkJoinTask.doExec(ForkJoinTask.java:507)\n\tat java.base/java.util.concurrent.ForkJoinPool$WorkQueue.topLevelExec(ForkJoinPool.java:1489)\n\tat java.base/java.util.concurrent.ForkJoinPool.scan(ForkJoinPool.java:2071)\n\tat java.base/java.util.concurrent.ForkJoinPool.runWorker(ForkJoinPool.java:2033)\n\tat java.base/java.util.concurrent.ForkJoinWorkerThread.run(ForkJoinWorkerThread.java:187)\nCaused by: org.openqa.selenium.ElementClickInterceptedException: element click intercepted: Element <li role=\"option\" id=\"react-autowhatever-1--item-0\" aria-selected=\"false\" class=\"react-autosuggest__suggestion react-autosuggest__suggestion--first\" data-suggestion-index=\"0\">...</li> is not clickable at point (654, 563). Other element would receive the click: <div data-testid=\"text\" class=\"Wrapper-sc-1vydk7-0 dPQSdP Label-sc-1uyl36s-2 ewlRGZ\">...</div>\n  (Session info: chrome=132.0.6834.110)\nBuild info: version: '4.27.0', revision: 'd6e718d134'\nSystem info: os.name: 'Linux', os.arch: 'amd64', os.version: '6.8.0-1020-azure', java.version: '22.0.2'\nDriver info: org.openqa.selenium.chrome.ChromeDriver\nCommand: [6c4194188ca2ea866387db7070264b24, clickElement {id=f.70AEF6D683B333B6E82BA85B87DD8BE6.d.463A866ED9A2DC684001FBF44746014C.e.114}]\nCapabilities {acceptInsecureCerts: true, browserName: chrome, browserVersion: 132.0.6834.110, chrome: {chromedriverVersion: 132.0.6834.159 (2d77d3fc445..., userDataDir: /tmp/.org.chromium.Chromium...}, fedcm:accounts: true, goog:chromeOptions: {debuggerAddress: localhost:39293}, networkConnectionEnabled: false, pageLoadStrategy: normal, platformName: linux, proxy: Proxy(), se:cdp: ws://localhost:39293/devtoo..., se:cdpVersion: 132.0.6834.110, setWindowRect: true, strictFileInteractability: false, timeouts: {implicit: 0, pageLoad: 300000, script: 30000}, unhandledPromptBehavior: accept, webauthn:extension:credBlob: true, webauthn:extension:largeBlob: true, webauthn:extension:minPinLength: true, webauthn:extension:prf: true, webauthn:virtualAuthenticators: true}\nElement: [[ChromeDriver: chrome on linux (6c4194188ca2ea866387db7070264b24)] -> xpath: //li[@id=\"react-autowhatever-1--item-0\"]]\nSession ID: 6c4194188ca2ea866387db7070264b24\n\tat java.base/jdk.internal.reflect.DirectConstructorHandleAccessor.newInstance(DirectConstructorHandleAccessor.java:62)\n\tat java.base/java.lang.reflect.Constructor.newInstanceWithCaller(Constructor.java:502)\n\tat java.base/java.lang.reflect.Constructor.newInstance(Constructor.java:486)\n\tat org.openqa.selenium.remote.ErrorCodec.decode(ErrorCodec.java:167)\n\tat org.openqa.selenium.remote.codec.w3c.W3CHttpResponseCodec.decode(W3CHttpResponseCodec.java:138)\n\tat org.openqa.selenium.remote.codec.w3c.W3CHttpResponseCodec.decode(W3CHttpResponseCodec.java:50)\n\tat org.openqa.selenium.remote.HttpCommandExecutor.execute(HttpCommandExecutor.java:190)\n\tat org.openqa.selenium.remote.service.DriverCommandExecutor.invokeExecute(DriverCommandExecutor.java:216)\n\tat org.openqa.selenium.remote.service.DriverCommandExecutor.execute(DriverCommandExecutor.java:174)\n\tat org.openqa.selenium.remote.RemoteWebDriver.execute(RemoteWebDriver.java:545)\n\tat org.openqa.selenium.remote.RemoteWebElement.execute(RemoteWebElement.java:223)\n\tat org.openqa.selenium.remote.RemoteWebElement.click(RemoteWebElement.java:76)\n\tat com.codeborne.selenide.commands.Click.defaultClick(Click.java:94)\n\tat com.codeborne.selenide.commands.Click.doClick(Click.java:72)\n\tat com.codeborne.selenide.commands.Click.click(Click.java:48)\n\tat com.codeborne.selenide.commands.Click.execute(Click.java:28)\n\tat com.codeborne.selenide.FluentCommand.execute(FluentCommand.java:27)\n\tat com.codeborne.selenide.FluentCommand.execute(FluentCommand.java:19)\n\tat com.codeborne.selenide.commands.Commands.execute(Commands.java:159)\n\tat com.codeborne.selenide.impl.SelenideElementProxy.dispatchAndRetry(SelenideElementProxy.java:131)\n\t... 14 more\n","flaky":false,"newFailed":false,"newBroken":false,"newPassed":false,"retriesCount":0,"retriesStatusChange":false,"beforeStages":[],"testStage":{"description":"Проверка формы валидации данных о пользователе для кредита под залог","status":"failed","statusMessage":"Invalid element state [By.xpath: //li[@id=\"react-autowhatever-1--item-0\"]]: element click intercepted: Element <li role=\"option\" id=\"react-autowhatever-1--item-0\" aria-selected=\"false\" class=\"react-autosuggest__suggestion react-autosuggest__suggestion--first\" data-suggestion-index=\"0\">...</li> is not clickable at point (654, 563). Other element would receive the click: <div data-testid=\"text\" class=\"Wrapper-sc-1vydk7-0 dPQSdP Label-sc-1uyl36s-2 ewlRGZ\">...</div>\nScreenshot: file:/home/runner/work/mtsBankTest/mtsBankTest/build/reports/tests/1738348295301.9.png\nPage source: file:/home/runner/work/mtsBankTest/mtsBankTest/build/reports/tests/1738348295301.9.html\nTimeout: 4 s.\nCaused by: ElementClickInterceptedException: element click intercepted: Element <li role=\"option\" id=\"react-autowhatever-1--item-0\" aria-selected=\"false\" class=\"react-autosuggest__suggestion react-autosuggest__suggestion--first\" data-suggestion-index=\"0\">...</li> is not clickable at point (654, 563). Other element would receive the click: <div data-testid=\"text\" class=\"Wrapper-sc-1vydk7-0 dPQSdP Label-sc-1uyl36s-2 ewlRGZ\">...</div>","statusTrace":"Invalid element state [By.xpath: //li[@id=\"react-autowhatever-1--item-0\"]]: element click intercepted: Element <li role=\"option\" id=\"react-autowhatever-1--item-0\" aria-selected=\"false\" class=\"react-autosuggest__suggestion react-autosuggest__suggestion--first\" data-suggestion-index=\"0\">...</li> is not clickable at point (654, 563). Other element would receive the click: <div data-testid=\"text\" class=\"Wrapper-sc-1vydk7-0 dPQSdP Label-sc-1uyl36s-2 ewlRGZ\">...</div>\nScreenshot: file:/home/runner/work/mtsBankTest/mtsBankTest/build/reports/tests/1738348295301.9.png\nPage source: file:/home/runner/work/mtsBankTest/mtsBankTest/build/reports/tests/1738348295301.9.html\nTimeout: 4 s.\nCaused by: ElementClickInterceptedException: element click intercepted: Element <li role=\"option\" id=\"react-autowhatever-1--item-0\" aria-selected=\"false\" class=\"react-autosuggest__suggestion react-autosuggest__suggestion--first\" data-suggestion-index=\"0\">...</li> is not clickable at point (654, 563). Other element would receive the click: <div data-testid=\"text\" class=\"Wrapper-sc-1vydk7-0 dPQSdP Label-sc-1uyl36s-2 ewlRGZ\">...</div>\n\tat com.codeborne.selenide.impl.ExceptionWrapper.wrap(ExceptionWrapper.java:19)\n\tat com.codeborne.selenide.impl.SelenideElementProxy.dispatchAndRetry(SelenideElementProxy.java:153)\n\tat com.codeborne.selenide.impl.SelenideElementProxy.invoke(SelenideElementProxy.java:83)\n\tat jdk.proxy2/jdk.proxy2.$Proxy24.click(Unknown Source)\n\tat pages2.Desktop.KreditPodZalog.fullfillKredit(KreditPodZalog.java:91)\n\tat MtsBankTest.checkZalogKredit(MtsBankTest.java:62)\n\tat java.base/java.lang.reflect.Method.invoke(Method.java:580)\n\tat java.base/java.util.concurrent.ForkJoinTask.doExec(ForkJoinTask.java:507)\n\tat java.base/java.util.concurrent.ForkJoinPool.helpJoin(ForkJoinPool.java:2324)\n\tat java.base/java.util.concurrent.ForkJoinTask.awaitDone(ForkJoinTask.java:495)\n\tat java.base/java.util.concurrent.ForkJoinTask.join(ForkJoinTask.java:662)\n\tat java.base/java.util.concurrent.ForkJoinTask.doExec(ForkJoinTask.java:507)\n\tat java.base/java.util.concurrent.ForkJoinPool$WorkQueue.topLevelExec(ForkJoinPool.java:1489)\n\tat java.base/java.util.concurrent.ForkJoinPool.scan(ForkJoinPool.java:2071)\n\tat java.base/java.util.concurrent.ForkJoinPool.runWorker(ForkJoinPool.java:2033)\n\tat java.base/java.util.concurrent.ForkJoinWorkerThread.run(ForkJoinWorkerThread.java:187)\nCaused by: org.openqa.selenium.ElementClickInterceptedException: element click intercepted: Element <li role=\"option\" id=\"react-autowhatever-1--item-0\" aria-selected=\"false\" class=\"react-autosuggest__suggestion react-autosuggest__suggestion--first\" data-suggestion-index=\"0\">...</li> is not clickable at point (654, 563). Other element would receive the click: <div data-testid=\"text\" class=\"Wrapper-sc-1vydk7-0 dPQSdP Label-sc-1uyl36s-2 ewlRGZ\">...</div>\n  (Session info: chrome=132.0.6834.110)\nBuild info: version: '4.27.0', revision: 'd6e718d134'\nSystem info: os.name: 'Linux', os.arch: 'amd64', os.version: '6.8.0-1020-azure', java.version: '22.0.2'\nDriver info: org.openqa.selenium.chrome.ChromeDriver\nCommand: [6c4194188ca2ea866387db7070264b24, clickElement {id=f.70AEF6D683B333B6E82BA85B87DD8BE6.d.463A866ED9A2DC684001FBF44746014C.e.114}]\nCapabilities {acceptInsecureCerts: true, browserName: chrome, browserVersion: 132.0.6834.110, chrome: {chromedriverVersion: 132.0.6834.159 (2d77d3fc445..., userDataDir: /tmp/.org.chromium.Chromium...}, fedcm:accounts: true, goog:chromeOptions: {debuggerAddress: localhost:39293}, networkConnectionEnabled: false, pageLoadStrategy: normal, platformName: linux, proxy: Proxy(), se:cdp: ws://localhost:39293/devtoo..., se:cdpVersion: 132.0.6834.110, setWindowRect: true, strictFileInteractability: false, timeouts: {implicit: 0, pageLoad: 300000, script: 30000}, unhandledPromptBehavior: accept, webauthn:extension:credBlob: true, webauthn:extension:largeBlob: true, webauthn:extension:minPinLength: true, webauthn:extension:prf: true, webauthn:virtualAuthenticators: true}\nElement: [[ChromeDriver: chrome on linux (6c4194188ca2ea866387db7070264b24)] -> xpath: //li[@id=\"react-autowhatever-1--item-0\"]]\nSession ID: 6c4194188ca2ea866387db7070264b24\n\tat java.base/jdk.internal.reflect.DirectConstructorHandleAccessor.newInstance(DirectConstructorHandleAccessor.java:62)\n\tat java.base/java.lang.reflect.Constructor.newInstanceWithCaller(Constructor.java:502)\n\tat java.base/java.lang.reflect.Constructor.newInstance(Constructor.java:486)\n\tat org.openqa.selenium.remote.ErrorCodec.decode(ErrorCodec.java:167)\n\tat org.openqa.selenium.remote.codec.w3c.W3CHttpResponseCodec.decode(W3CHttpResponseCodec.java:138)\n\tat org.openqa.selenium.remote.codec.w3c.W3CHttpResponseCodec.decode(W3CHttpResponseCodec.java:50)\n\tat org.openqa.selenium.remote.HttpCommandExecutor.execute(HttpCommandExecutor.java:190)\n\tat org.openqa.selenium.remote.service.DriverCommandExecutor.invokeExecute(DriverCommandExecutor.java:216)\n\tat org.openqa.selenium.remote.service.DriverCommandExecutor.execute(DriverCommandExecutor.java:174)\n\tat org.openqa.selenium.remote.RemoteWebDriver.execute(RemoteWebDriver.java:545)\n\tat org.openqa.selenium.remote.RemoteWebElement.execute(RemoteWebElement.java:223)\n\tat org.openqa.selenium.remote.RemoteWebElement.click(RemoteWebElement.java:76)\n\tat com.codeborne.selenide.commands.Click.defaultClick(Click.java:94)\n\tat com.codeborne.selenide.commands.Click.doClick(Click.java:72)\n\tat com.codeborne.selenide.commands.Click.click(Click.java:48)\n\tat com.codeborne.selenide.commands.Click.execute(Click.java:28)\n\tat com.codeborne.selenide.FluentCommand.execute(FluentCommand.java:27)\n\tat com.codeborne.selenide.FluentCommand.execute(FluentCommand.java:19)\n\tat com.codeborne.selenide.commands.Commands.execute(Commands.java:159)\n\tat com.codeborne.selenide.impl.SelenideElementProxy.dispatchAndRetry(SelenideElementProxy.java:131)\n\t... 14 more\n","steps":[{"name":"Переход на страницу кредита под залог","time":{"start":1738348284621,"stop":1738348288195,"duration":3574},"status":"passed","steps":[],"attachments":[],"parameters":[],"shouldDisplayMessage":false,"stepsCount":0,"attachmentsCount":0,"hasContent":false,"attachmentStep":false},{"name":"Заполнение формы кредита","time":{"start":1738348288196,"stop":1738348295461,"duration":7265},"status":"failed","statusMessage":"Invalid element state [By.xpath: //li[@id=\"react-autowhatever-1--item-0\"]]: element click intercepted: Element <li role=\"option\" id=\"react-autowhatever-1--item-0\" aria-selected=\"false\" class=\"react-autosuggest__suggestion react-autosuggest__suggestion--first\" data-suggestion-index=\"0\">...</li> is not clickable at point (654, 563). Other element would receive the click: <div data-testid=\"text\" class=\"Wrapper-sc-1vydk7-0 dPQSdP Label-sc-1uyl36s-2 ewlRGZ\">...</div>\nScreenshot: file:/home/runner/work/mtsBankTest/mtsBankTest/build/reports/tests/1738348295301.9.png\nPage source: file:/home/runner/work/mtsBankTest/mtsBankTest/build/reports/tests/1738348295301.9.html\nTimeout: 4 s.\nCaused by: ElementClickInterceptedException: element click intercepted: Element <li role=\"option\" id=\"react-autowhatever-1--item-0\" aria-selected=\"false\" class=\"react-autosuggest__suggestion react-autosuggest__suggestion--first\" data-suggestion-index=\"0\">...</li> is not clickable at point (654, 563). Other element would receive the click: <div data-testid=\"text\" class=\"Wrapper-sc-1vydk7-0 dPQSdP Label-sc-1uyl36s-2 ewlRGZ\">...</div>","statusTrace":"Invalid element state [By.xpath: //li[@id=\"react-autowhatever-1--item-0\"]]: element click intercepted: Element <li role=\"option\" id=\"react-autowhatever-1--item-0\" aria-selected=\"false\" class=\"react-autosuggest__suggestion react-autosuggest__suggestion--first\" data-suggestion-index=\"0\">...</li> is not clickable at point (654, 563). Other element would receive the click: <div data-testid=\"text\" class=\"Wrapper-sc-1vydk7-0 dPQSdP Label-sc-1uyl36s-2 ewlRGZ\">...</div>\nScreenshot: file:/home/runner/work/mtsBankTest/mtsBankTest/build/reports/tests/1738348295301.9.png\nPage source: file:/home/runner/work/mtsBankTest/mtsBankTest/build/reports/tests/1738348295301.9.html\nTimeout: 4 s.\nCaused by: ElementClickInterceptedException: element click intercepted: Element <li role=\"option\" id=\"react-autowhatever-1--item-0\" aria-selected=\"false\" class=\"react-autosuggest__suggestion react-autosuggest__suggestion--first\" data-suggestion-index=\"0\">...</li> is not clickable at point (654, 563). Other element would receive the click: <div data-testid=\"text\" class=\"Wrapper-sc-1vydk7-0 dPQSdP Label-sc-1uyl36s-2 ewlRGZ\">...</div>\n\tat com.codeborne.selenide.impl.ExceptionWrapper.wrap(ExceptionWrapper.java:19)\n\tat com.codeborne.selenide.impl.SelenideElementProxy.dispatchAndRetry(SelenideElementProxy.java:153)\n\tat com.codeborne.selenide.impl.SelenideElementProxy.invoke(SelenideElementProxy.java:83)\n\tat jdk.proxy2/jdk.proxy2.$Proxy24.click(Unknown Source)\n\tat pages2.Desktop.KreditPodZalog.fullfillKredit(KreditPodZalog.java:91)\n\tat MtsBankTest.checkZalogKredit(MtsBankTest.java:62)\n\tat java.base/jdk.internal.reflect.DirectMethodHandleAccessor.invoke(DirectMethodHandleAccessor.java:103)\n\tat java.base/java.lang.reflect.Method.invoke(Method.java:580)\n\tat org.junit.platform.commons.util.ReflectionUtils.invokeMethod(ReflectionUtils.java:767)\n\tat org.junit.jupiter.engine.execution.MethodInvocation.proceed(MethodInvocation.java:60)\n\tat org.junit.jupiter.engine.execution.InvocationInterceptorChain$ValidatingInvocation.proceed(InvocationInterceptorChain.java:131)\n\tat org.junit.jupiter.engine.extension.TimeoutExtension.intercept(TimeoutExtension.java:156)\n\tat org.junit.jupiter.engine.extension.TimeoutExtension.interceptTestableMethod(TimeoutExtension.java:147)\n\tat org.junit.jupiter.engine.extension.TimeoutExtension.interceptTestTemplateMethod(TimeoutExtension.java:94)\n\tat org.junit.jupiter.engine.execution.InterceptingExecutableInvoker$ReflectiveInterceptorCall.lambda$ofVoidMethod$0(InterceptingExecutableInvoker.java:103)\n\tat org.junit.jupiter.engine.execution.InterceptingExecutableInvoker.lambda$invoke$0(InterceptingExecutableInvoker.java:93)\n\tat org.junit.jupiter.engine.execution.InvocationInterceptorChain$InterceptedInvocation.proceed(InvocationInterceptorChain.java:106)\n\tat org.junit.jupiter.engine.execution.InvocationInterceptorChain.proceed(InvocationInterceptorChain.java:64)\n\tat org.junit.jupiter.engine.execution.InvocationInterceptorChain.chainAndInvoke(InvocationInterceptorChain.java:45)\n\tat org.junit.jupiter.engine.execution.InvocationInterceptorChain.invoke(InvocationInterceptorChain.java:37)\n\tat org.junit.jupiter.engine.execution.InterceptingExecutableInvoker.invoke(InterceptingExecutableInvoker.java:92)\n\tat org.junit.jupiter.engine.execution.InterceptingExecutableInvoker.invoke(InterceptingExecutableInvoker.java:86)\n\tat org.junit.jupiter.engine.descriptor.TestMethodTestDescriptor.lambda$invokeTestMethod$8(TestMethodTestDescriptor.java:217)\n\tat org.junit.platform.engine.support.hierarchical.ThrowableCollector.execute(ThrowableCollector.java:73)\n\tat org.junit.jupiter.engine.descriptor.TestMethodTestDescriptor.invokeTestMethod(TestMethodTestDescriptor.java:213)\n\tat org.junit.jupiter.engine.descriptor.TestMethodTestDescriptor.execute(TestMethodTestDescriptor.java:138)\n\tat org.junit.jupiter.engine.descriptor.TestMethodTestDescriptor.execute(TestMethodTestDescriptor.java:68)\n\tat org.junit.platform.engine.support.hierarchical.NodeTestTask.lambda$executeRecursively$6(NodeTestTask.java:156)\n\tat org.junit.platform.engine.support.hierarchical.ThrowableCollector.execute(ThrowableCollector.java:73)\n\tat org.junit.platform.engine.support.hierarchical.NodeTestTask.lambda$executeRecursively$8(NodeTestTask.java:146)\n\tat org.junit.platform.engine.support.hierarchical.Node.around(Node.java:137)\n\tat org.junit.platform.engine.support.hierarchical.NodeTestTask.lambda$executeRecursively$9(NodeTestTask.java:144)\n\tat org.junit.platform.engine.support.hierarchical.ThrowableCollector.execute(ThrowableCollector.java:73)\n\tat org.junit.platform.engine.support.hierarchical.NodeTestTask.executeRecursively(NodeTestTask.java:143)\n\tat org.junit.platform.engine.support.hierarchical.NodeTestTask.execute(NodeTestTask.java:100)\n\tat org.junit.platform.engine.support.hierarchical.ForkJoinPoolHierarchicalTestExecutorService$ExclusiveTask.exec(ForkJoinPoolHierarchicalTestExecutorService.java:274)\n\tat java.base/java.util.concurrent.ForkJoinTask.doExec(ForkJoinTask.java:507)\n\tat java.base/java.util.concurrent.ForkJoinPool.helpJoin(ForkJoinPool.java:2324)\n\tat java.base/java.util.concurrent.ForkJoinTask.awaitDone(ForkJoinTask.java:495)\n\tat java.base/java.util.concurrent.ForkJoinTask.join(ForkJoinTask.java:662)\n\tat org.junit.platform.engine.support.hierarchical.ForkJoinPoolHierarchicalTestExecutorService.joinConcurrentTasksInReverseOrderToEnableWorkStealing(ForkJoinPoolHierarchicalTestExecutorService.java:201)\n\tat org.junit.platform.engine.support.hierarchical.ForkJoinPoolHierarchicalTestExecutorService.invokeAll(ForkJoinPoolHierarchicalTestExecutorService.java:167)\n\tat org.junit.platform.engine.support.hierarchical.NodeTestTask.lambda$executeRecursively$6(NodeTestTask.java:160)\n\tat org.junit.platform.engine.support.hierarchical.ThrowableCollector.execute(ThrowableCollector.java:73)\n\tat org.junit.platform.engine.support.hierarchical.NodeTestTask.lambda$executeRecursively$8(NodeTestTask.java:146)\n\tat org.junit.platform.engine.support.hierarchical.Node.around(Node.java:137)\n\tat org.junit.platform.engine.support.hierarchical.NodeTestTask.lambda$executeRecursively$9(NodeTestTask.java:144)\n\tat org.junit.platform.engine.support.hierarchical.ThrowableCollector.execute(ThrowableCollector.java:73)\n\tat org.junit.platform.engine.support.hierarchical.NodeTestTask.executeRecursively(NodeTestTask.java:143)\n\tat org.junit.platform.engine.support.hierarchical.NodeTestTask.execute(NodeTestTask.java:100)\n\tat org.junit.platform.engine.support.hierarchical.ForkJoinPoolHierarchicalTestExecutorService$ExclusiveTask.exec(ForkJoinPoolHierarchicalTestExecutorService.java:274)\n\tat org.junit.platform.engine.support.hierarchical.ForkJoinPoolHierarchicalTestExecutorService$ExclusiveTask.execSync(ForkJoinPoolHierarchicalTestExecutorService.java:247)\n\tat org.junit.platform.engine.support.hierarchical.ForkJoinPoolHierarchicalTestExecutorService.invokeAll(ForkJoinPoolHierarchicalTestExecutorService.java:159)\n\tat org.junit.platform.engine.support.hierarchical.NodeTestTask.lambda$executeRecursively$6(NodeTestTask.java:160)\n\tat org.junit.platform.engine.support.hierarchical.ThrowableCollector.execute(ThrowableCollector.java:73)\n\tat org.junit.platform.engine.support.hierarchical.NodeTestTask.lambda$executeRecursively$8(NodeTestTask.java:146)\n\tat org.junit.platform.engine.support.hierarchical.Node.around(Node.java:137)\n\tat org.junit.platform.engine.support.hierarchical.NodeTestTask.lambda$executeRecursively$9(NodeTestTask.java:144)\n\tat org.junit.platform.engine.support.hierarchical.ThrowableCollector.execute(ThrowableCollector.java:73)\n\tat org.junit.platform.engine.support.hierarchical.NodeTestTask.executeRecursively(NodeTestTask.java:143)\n\tat org.junit.platform.engine.support.hierarchical.NodeTestTask.execute(NodeTestTask.java:100)\n\tat org.junit.platform.engine.support.hierarchical.ForkJoinPoolHierarchicalTestExecutorService$ExclusiveTask.exec(ForkJoinPoolHierarchicalTestExecutorService.java:274)\n\tat java.base/java.util.concurrent.ForkJoinTask.doExec(ForkJoinTask.java:507)\n\tat java.base/java.util.concurrent.ForkJoinPool$WorkQueue.topLevelExec(ForkJoinPool.java:1489)\n\tat java.base/java.util.concurrent.ForkJoinPool.scan(ForkJoinPool.java:2071)\n\tat java.base/java.util.concurrent.ForkJoinPool.runWorker(ForkJoinPool.java:2033)\n\tat java.base/java.util.concurrent.ForkJoinWorkerThread.run(ForkJoinWorkerThread.java:187)\nCaused by: org.openqa.selenium.ElementClickInterceptedException: element click intercepted: Element <li role=\"option\" id=\"react-autowhatever-1--item-0\" aria-selected=\"false\" class=\"react-autosuggest__suggestion react-autosuggest__suggestion--first\" data-suggestion-index=\"0\">...</li> is not clickable at point (654, 563). Other element would receive the click: <div data-testid=\"text\" class=\"Wrapper-sc-1vydk7-0 dPQSdP Label-sc-1uyl36s-2 ewlRGZ\">...</div>\n  (Session info: chrome=132.0.6834.110)\nBuild info: version: '4.27.0', revision: 'd6e718d134'\nSystem info: os.name: 'Linux', os.arch: 'amd64', os.version: '6.8.0-1020-azure', java.version: '22.0.2'\nDriver info: org.openqa.selenium.chrome.ChromeDriver\nCommand: [6c4194188ca2ea866387db7070264b24, clickElement {id=f.70AEF6D683B333B6E82BA85B87DD8BE6.d.463A866ED9A2DC684001FBF44746014C.e.114}]\nCapabilities {acceptInsecureCerts: true, browserName: chrome, browserVersion: 132.0.6834.110, chrome: {chromedriverVersion: 132.0.6834.159 (2d77d3fc445..., userDataDir: /tmp/.org.chromium.Chromium...}, fedcm:accounts: true, goog:chromeOptions: {debuggerAddress: localhost:39293}, networkConnectionEnabled: false, pageLoadStrategy: normal, platformName: linux, proxy: Proxy(), se:cdp: ws://localhost:39293/devtoo..., se:cdpVersion: 132.0.6834.110, setWindowRect: true, strictFileInteractability: false, timeouts: {implicit: 0, pageLoad: 300000, script: 30000}, unhandledPromptBehavior: accept, webauthn:extension:credBlob: true, webauthn:extension:largeBlob: true, webauthn:extension:minPinLength: true, webauthn:extension:prf: true, webauthn:virtualAuthenticators: true}\nElement: [[ChromeDriver: chrome on linux (6c4194188ca2ea866387db7070264b24)] -> xpath: //li[@id=\"react-autowhatever-1--item-0\"]]\nSession ID: 6c4194188ca2ea866387db7070264b24\n\tat java.base/jdk.internal.reflect.DirectConstructorHandleAccessor.newInstance(DirectConstructorHandleAccessor.java:62)\n\tat java.base/java.lang.reflect.Constructor.newInstanceWithCaller(Constructor.java:502)\n\tat java.base/java.lang.reflect.Constructor.newInstance(Constructor.java:486)\n\tat org.openqa.selenium.remote.ErrorCodec.decode(ErrorCodec.java:167)\n\tat org.openqa.selenium.remote.codec.w3c.W3CHttpResponseCodec.decode(W3CHttpResponseCodec.java:138)\n\tat org.openqa.selenium.remote.codec.w3c.W3CHttpResponseCodec.decode(W3CHttpResponseCodec.java:50)\n\tat org.openqa.selenium.remote.HttpCommandExecutor.execute(HttpCommandExecutor.java:190)\n\tat org.openqa.selenium.remote.service.DriverCommandExecutor.invokeExecute(DriverCommandExecutor.java:216)\n\tat org.openqa.selenium.remote.service.DriverCommandExecutor.execute(DriverCommandExecutor.java:174)\n\tat org.openqa.selenium.remote.RemoteWebDriver.execute(RemoteWebDriver.java:545)\n\tat org.openqa.selenium.remote.RemoteWebElement.execute(RemoteWebElement.java:223)\n\tat org.openqa.selenium.remote.RemoteWebElement.click(RemoteWebElement.java:76)\n\tat com.codeborne.selenide.commands.Click.defaultClick(Click.java:94)\n\tat com.codeborne.selenide.commands.Click.doClick(Click.java:72)\n\tat com.codeborne.selenide.commands.Click.click(Click.java:48)\n\tat com.codeborne.selenide.commands.Click.execute(Click.java:28)\n\tat com.codeborne.selenide.FluentCommand.execute(FluentCommand.java:27)\n\tat com.codeborne.selenide.FluentCommand.execute(FluentCommand.java:19)\n\tat com.codeborne.selenide.commands.Commands.execute(Commands.java:159)\n\tat com.codeborne.selenide.impl.SelenideElementProxy.dispatchAndRetry(SelenideElementProxy.java:131)\n\t... 65 more\n","steps":[],"attachments":[],"parameters":[{"name":"kreditSize","value":"1"},{"name":"kreditYears","value":"0"}],"shouldDisplayMessage":true,"stepsCount":0,"attachmentsCount":0,"hasContent":true,"attachmentStep":false}],"attachments":[],"parameters":[],"shouldDisplayMessage":false,"stepsCount":2,"attachmentsCount":0,"hasContent":true,"attachmentStep":false},"afterStages":[],"labels":[{"name":"tag","value":"Regression"},{"name":"junit.platform.uniqueid","value":"[engine:junit-jupiter]/[class:MtsBankTest]/[test-template:checkZalogKredit(java.lang.String, java.lang.String, java.lang.String, java.lang.String, java.lang.Integer, java.lang.Integer, java.lang.Integer)]/[test-template-invocation:#3]"},{"name":"epic","value":"Тестирование полной версии сайта"},{"name":"feature","value":"Проверка формы валидации для кредита под залог"},{"name":"host","value":"fv-az1914-513"},{"name":"thread","value":"2380@fv-az1914-513.ForkJoinPool-1-worker-1(26)"},{"name":"framework","value":"junit-platform"},{"name":"language","value":"java"},{"name":"package","value":"MtsBankTest"},{"name":"testClass","value":"MtsBankTest"},{"name":"testMethod","value":"checkZalogKredit"},{"name":"suite","value":"MtsBankTest"},{"name":"resultFormat","value":"allure2"}],"parameters":[],"links":[],"hidden":false,"retry":false,"extra":{"severity":"normal","retries":[],"categories":[{"name":"Product defects","matchedStatuses":[],"flaky":false}],"tags":["Regression"]},"source":"ddcee586fe67d85b.json","parameterValues":[]}