{"uid":"b4a8183ab3415769","name":"premiumTest(String, String, String, String, Integer) [6] аа аа, 11.11.1999, чето, моск, 2","fullName":"MtsBankTest.premiumTest","historyId":"6075419daf1085858f33399ef3bcad78","time":{"start":1736078376410,"stop":1736078376709,"duration":299},"description":"","status":"broken","statusMessage":"Could not start a new session. Response code 500. Message: session not created: Chrome failed to start: exited normally.\n  (session not created: DevToolsActivePort file doesn't exist)\n  (The process started from chrome location /opt/google/chrome/chrome is no longer running, so ChromeDriver is assuming that Chrome has crashed.) \nHost info: host: 'fv-az658-153', ip: '10.1.0.80'\nBuild info: version: '4.27.0', revision: 'd6e718d134'\nSystem info: os.name: 'Linux', os.arch: 'amd64', os.version: '6.5.0-1025-azure', java.version: '22.0.2'\nDriver info: org.openqa.selenium.chrome.ChromeDriver\nCommand: [null, newSession {capabilities=[Capabilities {acceptInsecureCerts: true, browserName: chrome, goog:chromeOptions: {args: [--proxy-bypass-list=<-loopb..., --disable-dev-shm-usage, --disable-search-engine-cho..., --unsafely-disable-devtools..., --window-size=1920,1080], excludeSwitches: [enable-automation, load-extension], extensions: [], prefs: {autofill.credit_card_enabled: false, autofill.profile_enabled: false, credentials_enable_service: false, download.default_directory: /home/runner/work/mtsBankTe..., plugins.always_open_pdf_externally: true, profile.default_content_setting_values.automatic_downloads: 1, profile.password_manager_enabled: false, profile.password_manager_leak_detection: false, safebrowsing.enabled: true}}, pageLoadStrategy: normal, unhandledPromptBehavior: accept}]}]\nselenide.url: https://www.mtsbank.ru/\nselenide.baseUrl: http://localhost:8080","statusTrace":"org.openqa.selenium.SessionNotCreatedException: Could not start a new session. Response code 500. Message: session not created: Chrome failed to start: exited normally.\n  (session not created: DevToolsActivePort file doesn't exist)\n  (The process started from chrome location /opt/google/chrome/chrome is no longer running, so ChromeDriver is assuming that Chrome has crashed.) \nHost info: host: 'fv-az658-153', ip: '10.1.0.80'\nBuild info: version: '4.27.0', revision: 'd6e718d134'\nSystem info: os.name: 'Linux', os.arch: 'amd64', os.version: '6.5.0-1025-azure', java.version: '22.0.2'\nDriver info: org.openqa.selenium.chrome.ChromeDriver\nCommand: [null, newSession {capabilities=[Capabilities {acceptInsecureCerts: true, browserName: chrome, goog:chromeOptions: {args: [--proxy-bypass-list=<-loopb..., --disable-dev-shm-usage, --disable-search-engine-cho..., --unsafely-disable-devtools..., --window-size=1920,1080], excludeSwitches: [enable-automation, load-extension], extensions: [], prefs: {autofill.credit_card_enabled: false, autofill.profile_enabled: false, credentials_enable_service: false, download.default_directory: /home/runner/work/mtsBankTe..., plugins.always_open_pdf_externally: true, profile.default_content_setting_values.automatic_downloads: 1, profile.password_manager_enabled: false, profile.password_manager_leak_detection: false, safebrowsing.enabled: true}}, pageLoadStrategy: normal, unhandledPromptBehavior: accept}]}]\nselenide.url: https://www.mtsbank.ru/\nselenide.baseUrl: http://localhost:8080\n\tat org.openqa.selenium.remote.ProtocolHandshake.createSession(ProtocolHandshake.java:114)\n\tat org.openqa.selenium.remote.ProtocolHandshake.createSession(ProtocolHandshake.java:75)\n\tat org.openqa.selenium.remote.ProtocolHandshake.createSession(ProtocolHandshake.java:61)\n\tat org.openqa.selenium.remote.HttpCommandExecutor.execute(HttpCommandExecutor.java:162)\n\tat org.openqa.selenium.remote.service.DriverCommandExecutor.invokeExecute(DriverCommandExecutor.java:216)\n\tat org.openqa.selenium.remote.service.DriverCommandExecutor.execute(DriverCommandExecutor.java:174)\n\tat org.openqa.selenium.remote.RemoteWebDriver.execute(RemoteWebDriver.java:545)\n\tat org.openqa.selenium.remote.RemoteWebDriver.startSession(RemoteWebDriver.java:245)\n\tat org.openqa.selenium.remote.RemoteWebDriver.<init>(RemoteWebDriver.java:174)\n\tat org.openqa.selenium.chromium.ChromiumDriver.<init>(ChromiumDriver.java:114)\n\tat org.openqa.selenium.chrome.ChromeDriver.<init>(ChromeDriver.java:88)\n\tat org.openqa.selenium.chrome.ChromeDriver.<init>(ChromeDriver.java:83)\n\tat com.codeborne.selenide.webdriver.ChromeDriverFactory.create(ChromeDriverFactory.java:28)\n\tat com.codeborne.selenide.webdriver.WebDriverFactory.createWebDriverInstance(WebDriverFactory.java:105)\n\tat com.codeborne.selenide.webdriver.WebDriverFactory.createWebDriver(WebDriverFactory.java:59)\n\tat com.codeborne.selenide.drivercommands.CreateDriverCommand.lambda$createDriver$0(CreateDriverCommand.java:68)\n\tat com.codeborne.selenide.logevents.SelenideLogger.wrap(SelenideLogger.java:123)\n\tat com.codeborne.selenide.logevents.SelenideLogger.get(SelenideLogger.java:101)\n\tat com.codeborne.selenide.drivercommands.CreateDriverCommand.createDriver(CreateDriverCommand.java:44)\n\tat com.codeborne.selenide.WebDriverThreadLocalContainer.createDriver(WebDriverThreadLocalContainer.java:181)\n\tat com.codeborne.selenide.WebDriverThreadLocalContainer.createDriver(WebDriverThreadLocalContainer.java:177)\n\tat com.codeborne.selenide.WebDriverThreadLocalContainer.createAndRegisterDriver(WebDriverThreadLocalContainer.java:164)\n\tat com.codeborne.selenide.WebDriverThreadLocalContainer.getAndCheckWebDriver(WebDriverThreadLocalContainer.java:130)\n\tat com.codeborne.selenide.WebDriverRunner.getAndCheckWebDriver(WebDriverRunner.java:99)\n\tat com.codeborne.selenide.StaticDriver.getAndCheckWebDriver(StaticDriver.java:41)\n\tat com.codeborne.selenide.SelenideDriver.getAndCheckWebDriver(SelenideDriver.java:183)\n\tat com.codeborne.selenide.drivercommands.Navigator.lambda$navigateTo$0(Navigator.java:67)\n\tat com.codeborne.selenide.logevents.SelenideLogger.lambda$run$0(SelenideLogger.java:94)\n\tat com.codeborne.selenide.logevents.SelenideLogger.wrap(SelenideLogger.java:123)\n\tat com.codeborne.selenide.logevents.SelenideLogger.run(SelenideLogger.java:93)\n\tat com.codeborne.selenide.drivercommands.Navigator.navigateTo(Navigator.java:65)\n\tat com.codeborne.selenide.drivercommands.Navigator.open(Navigator.java:29)\n\tat com.codeborne.selenide.SelenideDriver.open(SelenideDriver.java:86)\n\tat com.codeborne.selenide.Selenide.open(Selenide.java:50)\n\tat pages2.MainPage.<init>(MainPage.java:18)\n\tat MtsBankTest.premiumTest(MtsBankTest.java:78)\n\tat java.base/java.lang.reflect.Method.invoke(Method.java:580)\n\tat java.base/java.util.stream.ForEachOps$ForEachOp$OfRef.accept(ForEachOps.java:184)\n\tat java.base/java.util.stream.ReferencePipeline$3$1.accept(ReferencePipeline.java:212)\n\tat java.base/java.util.stream.ReferencePipeline$2$1.accept(ReferencePipeline.java:194)\n\tat java.base/java.util.stream.ReferencePipeline$3$1.accept(ReferencePipeline.java:212)\n\tat java.base/java.util.stream.ForEachOps$ForEachOp$OfRef.accept(ForEachOps.java:184)\n\tat java.base/java.util.stream.ReferencePipeline$3$1.accept(ReferencePipeline.java:212)\n\tat java.base/java.util.stream.ForEachOps$ForEachOp$OfRef.accept(ForEachOps.java:184)\n\tat java.base/java.util.ArrayList$ArrayListSpliterator.forEachRemaining(ArrayList.java:1709)\n\tat java.base/java.util.stream.ReferencePipeline$Head.forEach(ReferencePipeline.java:782)\n\tat java.base/java.util.stream.ReferencePipeline$7$1.accept(ReferencePipeline.java:291)\n\tat java.base/java.util.ArrayList$ArrayListSpliterator.forEachRemaining(ArrayList.java:1709)\n\tat java.base/java.util.stream.AbstractPipeline.copyInto(AbstractPipeline.java:556)\n\tat java.base/java.util.stream.AbstractPipeline.wrapAndCopyInto(AbstractPipeline.java:546)\n\tat java.base/java.util.stream.ForEachOps$ForEachOp.evaluateSequential(ForEachOps.java:151)\n\tat java.base/java.util.stream.ForEachOps$ForEachOp$OfRef.evaluateSequential(ForEachOps.java:174)\n\tat java.base/java.util.stream.AbstractPipeline.evaluate(AbstractPipeline.java:265)\n\tat java.base/java.util.stream.ReferencePipeline.forEach(ReferencePipeline.java:611)\n\tat java.base/java.util.stream.ReferencePipeline$7$1.accept(ReferencePipeline.java:291)\n\tat java.base/java.util.stream.ReferencePipeline$3$1.accept(ReferencePipeline.java:212)\n\tat java.base/java.util.stream.ReferencePipeline$3$1.accept(ReferencePipeline.java:212)\n\tat java.base/java.util.stream.ReferencePipeline$3$1.accept(ReferencePipeline.java:212)\n\tat java.base/java.util.ArrayList$ArrayListSpliterator.forEachRemaining(ArrayList.java:1709)\n\tat java.base/java.util.stream.AbstractPipeline.copyInto(AbstractPipeline.java:556)\n\tat java.base/java.util.stream.AbstractPipeline.wrapAndCopyInto(AbstractPipeline.java:546)\n\tat java.base/java.util.stream.ForEachOps$ForEachOp.evaluateSequential(ForEachOps.java:151)\n\tat java.base/java.util.stream.ForEachOps$ForEachOp$OfRef.evaluateSequential(ForEachOps.java:174)\n\tat java.base/java.util.stream.AbstractPipeline.evaluate(AbstractPipeline.java:265)\n\tat java.base/java.util.stream.ReferencePipeline.forEach(ReferencePipeline.java:611)\n\tat java.base/java.util.stream.ReferencePipeline$7$1.accept(ReferencePipeline.java:291)\n\tat java.base/java.util.ArrayList$ArrayListSpliterator.forEachRemaining(ArrayList.java:1709)\n\tat java.base/java.util.stream.AbstractPipeline.copyInto(AbstractPipeline.java:556)\n\tat java.base/java.util.stream.AbstractPipeline.wrapAndCopyInto(AbstractPipeline.java:546)\n\tat java.base/java.util.stream.ForEachOps$ForEachOp.evaluateSequential(ForEachOps.java:151)\n\tat java.base/java.util.stream.ForEachOps$ForEachOp$OfRef.evaluateSequential(ForEachOps.java:174)\n\tat java.base/java.util.stream.AbstractPipeline.evaluate(AbstractPipeline.java:265)\n\tat java.base/java.util.stream.ReferencePipeline.forEach(ReferencePipeline.java:611)\n\tat java.base/java.util.concurrent.ForkJoinTask.doExec(ForkJoinTask.java:507)\n\tat java.base/java.util.concurrent.ForkJoinPool$WorkQueue.tryRemoveAndExec(ForkJoinPool.java:1532)\n\tat java.base/java.util.concurrent.ForkJoinPool.helpJoin(ForkJoinPool.java:2267)\n\tat java.base/java.util.concurrent.ForkJoinTask.awaitDone(ForkJoinTask.java:495)\n\tat java.base/java.util.concurrent.ForkJoinTask.join(ForkJoinTask.java:662)\n\tat java.base/java.util.concurrent.ForkJoinTask.doExec(ForkJoinTask.java:507)\n\tat java.base/java.util.concurrent.ForkJoinPool$WorkQueue.topLevelExec(ForkJoinPool.java:1489)\n\tat java.base/java.util.concurrent.ForkJoinPool.scan(ForkJoinPool.java:2071)\n\tat java.base/java.util.concurrent.ForkJoinPool.runWorker(ForkJoinPool.java:2033)\n\tat java.base/java.util.concurrent.ForkJoinWorkerThread.run(ForkJoinWorkerThread.java:187)\n","flaky":false,"newFailed":false,"newBroken":false,"newPassed":false,"retriesCount":10,"retriesStatusChange":true,"beforeStages":[],"afterStages":[],"labels":[{"name":"junit.platform.uniqueid","value":"[engine:junit-jupiter]/[class:MtsBankTest]/[test-template:premiumTest(java.lang.String, java.lang.String, java.lang.String, java.lang.String, java.lang.Integer)]/[test-template-invocation:#6]"},{"name":"host","value":"fv-az658-153"},{"name":"thread","value":"2244@fv-az658-153.ForkJoinPool-1-worker-1(26)"},{"name":"framework","value":"junit-platform"},{"name":"language","value":"java"},{"name":"package","value":"MtsBankTest"},{"name":"testClass","value":"MtsBankTest"},{"name":"testMethod","value":"premiumTest"},{"name":"suite","value":"MtsBankTest"},{"name":"resultFormat","value":"allure2"}],"parameters":[],"links":[],"hidden":false,"retry":false,"extra":{"severity":"normal","retries":[{"uid":"7eea1bb73dfe4afd","status":"passed","time":{"start":1736077319271,"stop":1736077333463,"duration":14192}},{"uid":"d0f406de03c7d85f","status":"passed","time":{"start":1736077116504,"stop":1736077134819,"duration":18315}},{"uid":"3703d612a81fa4e5","status":"passed","time":{"start":1736076906562,"stop":1736076920008,"duration":13446}},{"uid":"acdc858874b1a6f8","status":"failed","statusDetails":"Element not found {By.xpath: //div[@class='sc-5055b9e7-8 dPjVPg']//a[contains(text(),\"Премиум\")]}\r\nExpected: clickable: interactable and enabled\r\nPage source: file:/D:/MTS/mtsBankTest/build/reports/tests/1736076364248.0.html\r\nTimeout: 4 s.\r\nCaused by: TimeoutException: timeout: Timed out receiving message from renderer: 30.000","time":{"start":1736076321992,"stop":1736076389735,"duration":67743}},{"uid":"5229f7b2e3664f7b","status":"passed","time":{"start":1736075081914,"stop":1736075180900,"duration":98986}},{"uid":"75851fa8554d9c40","status":"passed","time":{"start":1736072242387,"stop":1736072251663,"duration":9276}},{"uid":"72059b637dfb4a19","status":"passed","time":{"start":1735925315361,"stop":1735925326363,"duration":11002}},{"uid":"459e89af2072ec0d","status":"passed","time":{"start":1735924807104,"stop":1735924816729,"duration":9625}},{"uid":"64d6b18a6dc3c38d","status":"passed","time":{"start":1735924385369,"stop":1735924394656,"duration":9287}},{"uid":"149db924063d46e2","status":"passed","time":{"start":1735924261747,"stop":1735924270987,"duration":9240}}],"categories":[{"name":"Test defects","matchedStatuses":[],"flaky":false}],"tags":[]},"source":"b4a8183ab3415769.json","parameterValues":[]}