{"uid":"ed48649e40bb0ba4","name":"checkZalogKredit(String, String, String, String, Integer, Integer, Integer) [23] а а а, aa@a.ru, 1231231233, 1.1.1, 3, 1, 20","fullName":"MtsBankTest.checkZalogKredit","historyId":"26d9a77539c376f304db6d9f267320f","time":{"start":1736078378115,"stop":1736078378306,"duration":191},"description":"","status":"broken","statusMessage":"Could not start a new session. Response code 500. Message: session not created: Chrome failed to start: exited normally.\n  (session not created: DevToolsActivePort file doesn't exist)\n  (The process started from chrome location /opt/google/chrome/chrome is no longer running, so ChromeDriver is assuming that Chrome has crashed.) \nHost info: host: 'fv-az658-153', ip: '10.1.0.80'\nBuild info: version: '4.27.0', revision: 'd6e718d134'\nSystem info: os.name: 'Linux', os.arch: 'amd64', os.version: '6.5.0-1025-azure', java.version: '22.0.2'\nDriver info: org.openqa.selenium.chrome.ChromeDriver\nCommand: [null, newSession {capabilities=[Capabilities {acceptInsecureCerts: true, browserName: chrome, goog:chromeOptions: {args: [--proxy-bypass-list=<-loopb..., --disable-dev-shm-usage, --disable-search-engine-cho..., --unsafely-disable-devtools..., --window-size=1920,1080], excludeSwitches: [enable-automation, load-extension], extensions: [], prefs: {autofill.credit_card_enabled: false, autofill.profile_enabled: false, credentials_enable_service: false, download.default_directory: /home/runner/work/mtsBankTe..., plugins.always_open_pdf_externally: true, profile.default_content_setting_values.automatic_downloads: 1, profile.password_manager_enabled: false, profile.password_manager_leak_detection: false, safebrowsing.enabled: true}}, pageLoadStrategy: normal, unhandledPromptBehavior: accept}]}]\nselenide.url: https://www.mtsbank.ru/\nselenide.baseUrl: http://localhost:8080","statusTrace":"org.openqa.selenium.SessionNotCreatedException: Could not start a new session. Response code 500. Message: session not created: Chrome failed to start: exited normally.\n  (session not created: DevToolsActivePort file doesn't exist)\n  (The process started from chrome location /opt/google/chrome/chrome is no longer running, so ChromeDriver is assuming that Chrome has crashed.) \nHost info: host: 'fv-az658-153', ip: '10.1.0.80'\nBuild info: version: '4.27.0', revision: 'd6e718d134'\nSystem info: os.name: 'Linux', os.arch: 'amd64', os.version: '6.5.0-1025-azure', java.version: '22.0.2'\nDriver info: org.openqa.selenium.chrome.ChromeDriver\nCommand: [null, newSession {capabilities=[Capabilities {acceptInsecureCerts: true, browserName: chrome, goog:chromeOptions: {args: [--proxy-bypass-list=<-loopb..., --disable-dev-shm-usage, --disable-search-engine-cho..., --unsafely-disable-devtools..., --window-size=1920,1080], excludeSwitches: [enable-automation, load-extension], extensions: [], prefs: {autofill.credit_card_enabled: false, autofill.profile_enabled: false, credentials_enable_service: false, download.default_directory: /home/runner/work/mtsBankTe..., plugins.always_open_pdf_externally: true, profile.default_content_setting_values.automatic_downloads: 1, profile.password_manager_enabled: false, profile.password_manager_leak_detection: false, safebrowsing.enabled: true}}, pageLoadStrategy: normal, unhandledPromptBehavior: accept}]}]\nselenide.url: https://www.mtsbank.ru/\nselenide.baseUrl: http://localhost:8080\n\tat org.openqa.selenium.remote.ProtocolHandshake.createSession(ProtocolHandshake.java:114)\n\tat org.openqa.selenium.remote.ProtocolHandshake.createSession(ProtocolHandshake.java:75)\n\tat org.openqa.selenium.remote.ProtocolHandshake.createSession(ProtocolHandshake.java:61)\n\tat org.openqa.selenium.remote.HttpCommandExecutor.execute(HttpCommandExecutor.java:162)\n\tat org.openqa.selenium.remote.service.DriverCommandExecutor.invokeExecute(DriverCommandExecutor.java:216)\n\tat org.openqa.selenium.remote.service.DriverCommandExecutor.execute(DriverCommandExecutor.java:174)\n\tat org.openqa.selenium.remote.RemoteWebDriver.execute(RemoteWebDriver.java:545)\n\tat org.openqa.selenium.remote.RemoteWebDriver.startSession(RemoteWebDriver.java:245)\n\tat org.openqa.selenium.remote.RemoteWebDriver.<init>(RemoteWebDriver.java:174)\n\tat org.openqa.selenium.chromium.ChromiumDriver.<init>(ChromiumDriver.java:114)\n\tat org.openqa.selenium.chrome.ChromeDriver.<init>(ChromeDriver.java:88)\n\tat org.openqa.selenium.chrome.ChromeDriver.<init>(ChromeDriver.java:83)\n\tat com.codeborne.selenide.webdriver.ChromeDriverFactory.create(ChromeDriverFactory.java:28)\n\tat com.codeborne.selenide.webdriver.WebDriverFactory.createWebDriverInstance(WebDriverFactory.java:105)\n\tat com.codeborne.selenide.webdriver.WebDriverFactory.createWebDriver(WebDriverFactory.java:59)\n\tat com.codeborne.selenide.drivercommands.CreateDriverCommand.lambda$createDriver$0(CreateDriverCommand.java:68)\n\tat com.codeborne.selenide.logevents.SelenideLogger.wrap(SelenideLogger.java:123)\n\tat com.codeborne.selenide.logevents.SelenideLogger.get(SelenideLogger.java:101)\n\tat com.codeborne.selenide.drivercommands.CreateDriverCommand.createDriver(CreateDriverCommand.java:44)\n\tat com.codeborne.selenide.WebDriverThreadLocalContainer.createDriver(WebDriverThreadLocalContainer.java:181)\n\tat com.codeborne.selenide.WebDriverThreadLocalContainer.createDriver(WebDriverThreadLocalContainer.java:177)\n\tat com.codeborne.selenide.WebDriverThreadLocalContainer.createAndRegisterDriver(WebDriverThreadLocalContainer.java:164)\n\tat com.codeborne.selenide.WebDriverThreadLocalContainer.getAndCheckWebDriver(WebDriverThreadLocalContainer.java:130)\n\tat com.codeborne.selenide.WebDriverRunner.getAndCheckWebDriver(WebDriverRunner.java:99)\n\tat com.codeborne.selenide.StaticDriver.getAndCheckWebDriver(StaticDriver.java:41)\n\tat com.codeborne.selenide.SelenideDriver.getAndCheckWebDriver(SelenideDriver.java:183)\n\tat com.codeborne.selenide.drivercommands.Navigator.lambda$navigateTo$0(Navigator.java:67)\n\tat com.codeborne.selenide.logevents.SelenideLogger.lambda$run$0(SelenideLogger.java:94)\n\tat com.codeborne.selenide.logevents.SelenideLogger.wrap(SelenideLogger.java:123)\n\tat com.codeborne.selenide.logevents.SelenideLogger.run(SelenideLogger.java:93)\n\tat com.codeborne.selenide.drivercommands.Navigator.navigateTo(Navigator.java:65)\n\tat com.codeborne.selenide.drivercommands.Navigator.open(Navigator.java:29)\n\tat com.codeborne.selenide.SelenideDriver.open(SelenideDriver.java:86)\n\tat com.codeborne.selenide.Selenide.open(Selenide.java:50)\n\tat pages2.MainPage.<init>(MainPage.java:18)\n\tat MtsBankTest.checkZalogKredit(MtsBankTest.java:45)\n\tat java.base/java.lang.reflect.Method.invoke(Method.java:580)\n\tat java.base/java.util.concurrent.ForkJoinTask.doExec(ForkJoinTask.java:507)\n\tat java.base/java.util.concurrent.ForkJoinPool.helpJoin(ForkJoinPool.java:2324)\n\tat java.base/java.util.concurrent.ForkJoinTask.awaitDone(ForkJoinTask.java:495)\n\tat java.base/java.util.concurrent.ForkJoinTask.get(ForkJoinTask.java:1003)\n\tat java.base/java.util.concurrent.ForkJoinTask.doExec(ForkJoinTask.java:507)\n\tat java.base/java.util.concurrent.ForkJoinPool$WorkQueue.topLevelExec(ForkJoinPool.java:1489)\n\tat java.base/java.util.concurrent.ForkJoinPool.scan(ForkJoinPool.java:2071)\n\tat java.base/java.util.concurrent.ForkJoinPool.runWorker(ForkJoinPool.java:2033)\n\tat java.base/java.util.concurrent.ForkJoinWorkerThread.run(ForkJoinWorkerThread.java:187)\n","flaky":false,"newFailed":false,"newBroken":false,"newPassed":false,"retriesCount":7,"retriesStatusChange":true,"beforeStages":[],"afterStages":[],"labels":[{"name":"junit.platform.uniqueid","value":"[engine:junit-jupiter]/[class:MtsBankTest]/[test-template:checkZalogKredit(java.lang.String, java.lang.String, java.lang.String, java.lang.String, java.lang.Integer, java.lang.Integer, java.lang.Integer)]/[test-template-invocation:#23]"},{"name":"host","value":"fv-az658-153"},{"name":"thread","value":"2244@fv-az658-153.ForkJoinPool-1-worker-2(27)"},{"name":"framework","value":"junit-platform"},{"name":"language","value":"java"},{"name":"package","value":"MtsBankTest"},{"name":"testClass","value":"MtsBankTest"},{"name":"testMethod","value":"checkZalogKredit"},{"name":"suite","value":"MtsBankTest"},{"name":"resultFormat","value":"allure2"}],"parameters":[],"links":[],"hidden":false,"retry":false,"extra":{"severity":"normal","retries":[{"uid":"ad3bf800f62f834b","status":"passed","time":{"start":1736077448126,"stop":1736077464672,"duration":16546}},{"uid":"163d0a57230a96fa","status":"failed","statusDetails":"Element not found {By.xpath: //li[@id=\"react-autowhatever-1--item-0\"]}\r\nExpected: clickable: interactable and enabled\r\nScreenshot: file:/D:/MTS/mtsBankTest/build/reports/tests/1736077264817.2.png\r\nPage source: file:/D:/MTS/mtsBankTest/build/reports/tests/1736077264817.2.html\r\nTimeout: 4 s.\r\nCaused by: NoSuchElementException: no such element: Unable to locate element: {\"method\":\"xpath\",\"selector\":\"//li[@id=\"react-autowhatever-1--item-0\"]\"}","time":{"start":1736077249735,"stop":1736077265213,"duration":15478}},{"uid":"e0fc087015e1f08a","status":"passed","time":{"start":1736077011251,"stop":1736077028120,"duration":16869}},{"uid":"cc76d9034693a956","status":"failed","statusDetails":"Element should be clickable: interactable and enabled {By.xpath: //div[@class='sc-5055b9e7-8 dPjVPg']//div//a[contains(text(),\"Кредит под залог недвижимости\")]}\r\nElement: '<a class=\"LinkWrapper-sc-f1cacf38-0 jeazkY sc-b8c82a22-0 feYcWP\" data-testid=\"link\" href=\"/chastnim-licam/ipoteka/kredit-pod-zalog/\" displayed:false></a>'\r\nActual value: hidden, opacity=1\r\nScreenshot: file:/D:/MTS/mtsBankTest/build/reports/tests/1736075171806.6.png\r\nPage source: file:/D:/MTS/mtsBankTest/build/reports/tests/1736075171806.6.html\r\nTimeout: 4 s.","time":{"start":1736075154273,"stop":1736075173479,"duration":19206}},{"uid":"15ba87ba57e61ac3","status":"passed","time":{"start":1736072173701,"stop":1736072184244,"duration":10543}},{"uid":"a06eb6e2dd8f6c10","status":"passed","time":{"start":1735925244854,"stop":1735925255382,"duration":10528}},{"uid":"2603ceb20a32d192","status":"failed","statusDetails":"Element not found {By.xpath: //div[@class=\"InputWrapper-sc-j3a9iz-3 ZPCho\" and @rows=3]//input[0]}\r\nExpected: visible\r\nScreenshot: file:/D:/MTS/mtsBankTest/build/reports/tests/1735924730299.1.png\r\nPage source: file:/D:/MTS/mtsBankTest/build/reports/tests/1735924730299.1.html\r\nTimeout: 4 s.\r\nCaused by: NoSuchElementException: no such element: Unable to locate element: {\"method\":\"xpath\",\"selector\":\"//div[@class=\"InputWrapper-sc-j3a9iz-3 ZPCho\" and @rows=3]//input\"}","time":{"start":1735924717065,"stop":1735924730745,"duration":13680}}],"categories":[{"name":"Test defects","matchedStatuses":[],"flaky":false}],"tags":[]},"source":"ed48649e40bb0ba4.json","parameterValues":[]}