{"uid":"9fd7cc5fa97ce435","name":"test(String, String, String, String, Integer, Integer, Integer) [15] и ф о, aa@a.a, 1231231233, 12.12.1984, 4, 99999999, 20","fullName":"MtsBankMobileTest.test","historyId":"c1267ec58522822cf718045c4381f836","time":{"start":1736819191727,"stop":1736819220747,"duration":29020},"description":"Проверка формы валидации данных о пользователе для кредита под залог","descriptionHtml":"<p>Проверка формы валидации данных о пользователе для кредита под залог</p>\n","status":"failed","statusMessage":"Invalid element state [By.xpath: //button[@class=\"Wrapper-sc-48arcs-1 hdDGkC\"]]: element click intercepted: Element <button data-testid=\"button\" tabindex=\"0\" type=\"button\" class=\"Wrapper-sc-48arcs-1 hdDGkC\">...</button> is not clickable at point (266, 320). Other element would receive the click: <div data-testid=\"text\" class=\"Wrapper-sc-1vydk7-0 dPQSdP Description-sc-q0eg0r-2 bQOFjP\">...</div>\nScreenshot: file:/home/runner/work/mtsBankTest/mtsBankTest/build/reports/tests/1736819220361.0.png\nPage source: file:/home/runner/work/mtsBankTest/mtsBankTest/build/reports/tests/1736819220361.0.html\nTimeout: 4 s.\nCaused by: ElementClickInterceptedException: element click intercepted: Element <button data-testid=\"button\" tabindex=\"0\" type=\"button\" class=\"Wrapper-sc-48arcs-1 hdDGkC\">...</button> is not clickable at point (266, 320). Other element would receive the click: <div data-testid=\"text\" class=\"Wrapper-sc-1vydk7-0 dPQSdP Description-sc-q0eg0r-2 bQOFjP\">...</div>","statusTrace":"Invalid element state [By.xpath: //button[@class=\"Wrapper-sc-48arcs-1 hdDGkC\"]]: element click intercepted: Element <button data-testid=\"button\" tabindex=\"0\" type=\"button\" class=\"Wrapper-sc-48arcs-1 hdDGkC\">...</button> is not clickable at point (266, 320). Other element would receive the click: <div data-testid=\"text\" class=\"Wrapper-sc-1vydk7-0 dPQSdP Description-sc-q0eg0r-2 bQOFjP\">...</div>\nScreenshot: file:/home/runner/work/mtsBankTest/mtsBankTest/build/reports/tests/1736819220361.0.png\nPage source: file:/home/runner/work/mtsBankTest/mtsBankTest/build/reports/tests/1736819220361.0.html\nTimeout: 4 s.\nCaused by: ElementClickInterceptedException: element click intercepted: Element <button data-testid=\"button\" tabindex=\"0\" type=\"button\" class=\"Wrapper-sc-48arcs-1 hdDGkC\">...</button> is not clickable at point (266, 320). Other element would receive the click: <div data-testid=\"text\" class=\"Wrapper-sc-1vydk7-0 dPQSdP Description-sc-q0eg0r-2 bQOFjP\">...</div>\n\tat com.codeborne.selenide.impl.ExceptionWrapper.wrap(ExceptionWrapper.java:19)\n\tat com.codeborne.selenide.impl.SelenideElementProxy.dispatchAndRetry(SelenideElementProxy.java:153)\n\tat com.codeborne.selenide.impl.SelenideElementProxy.invoke(SelenideElementProxy.java:83)\n\tat jdk.proxy2/jdk.proxy2.$Proxy19.click(Unknown Source)\n\tat pages2.Mobile.KreditPodZalog.setSogl(KreditPodZalog.java:274)\n\tat MtsBankMobileTest.test(MtsBankMobileTest.java:55)\n\tat java.base/java.lang.reflect.Method.invoke(Method.java:580)\n\tat java.base/java.util.concurrent.ForkJoinTask.doExec(ForkJoinTask.java:507)\n\tat java.base/java.util.concurrent.ForkJoinPool$WorkQueue.topLevelExec(ForkJoinPool.java:1489)\n\tat java.base/java.util.concurrent.ForkJoinPool.scan(ForkJoinPool.java:2071)\n\tat java.base/java.util.concurrent.ForkJoinPool.runWorker(ForkJoinPool.java:2033)\n\tat java.base/java.util.concurrent.ForkJoinWorkerThread.run(ForkJoinWorkerThread.java:187)\nCaused by: org.openqa.selenium.ElementClickInterceptedException: element click intercepted: Element <button data-testid=\"button\" tabindex=\"0\" type=\"button\" class=\"Wrapper-sc-48arcs-1 hdDGkC\">...</button> is not clickable at point (266, 320). Other element would receive the click: <div data-testid=\"text\" class=\"Wrapper-sc-1vydk7-0 dPQSdP Description-sc-q0eg0r-2 bQOFjP\">...</div>\n  (Session info: chrome=131.0.6778.204)\nBuild info: version: '4.27.0', revision: 'd6e718d134'\nSystem info: os.name: 'Linux', os.arch: 'amd64', os.version: '6.5.0-1025-azure', java.version: '22.0.2'\nDriver info: org.openqa.selenium.chrome.ChromeDriver\nCommand: [3b5f998222c893240db92a861de0d16d, clickElement {id=f.15DAE24A9753FEF86D1499035D3FC5F3.d.A502E67E0D8E23249AAA781FB0CEA98E.e.150}]\nCapabilities {acceptInsecureCerts: true, browserName: chrome, browserVersion: 131.0.6778.204, chrome: {chromedriverVersion: 131.0.6778.264 (2d05e315153..., userDataDir: /tmp/.org.chromium.Chromium...}, fedcm:accounts: true, goog:chromeOptions: {debuggerAddress: localhost:41111}, networkConnectionEnabled: false, pageLoadStrategy: normal, platformName: linux, proxy: Proxy(), se:cdp: ws://localhost:41111/devtoo..., se:cdpVersion: 131.0.6778.204, setWindowRect: true, strictFileInteractability: false, timeouts: {implicit: 0, pageLoad: 300000, script: 30000}, unhandledPromptBehavior: accept, webauthn:extension:credBlob: true, webauthn:extension:largeBlob: true, webauthn:extension:minPinLength: true, webauthn:extension:prf: true, webauthn:virtualAuthenticators: true}\nElement: [[ChromeDriver: chrome on linux (3b5f998222c893240db92a861de0d16d)] -> xpath: //button[@class=\"Wrapper-sc-48arcs-1 hdDGkC\"]]\nSession ID: 3b5f998222c893240db92a861de0d16d\n\tat java.base/jdk.internal.reflect.DirectConstructorHandleAccessor.newInstance(DirectConstructorHandleAccessor.java:62)\n\tat java.base/java.lang.reflect.Constructor.newInstanceWithCaller(Constructor.java:502)\n\tat java.base/java.lang.reflect.Constructor.newInstance(Constructor.java:486)\n\tat org.openqa.selenium.remote.ErrorCodec.decode(ErrorCodec.java:167)\n\tat org.openqa.selenium.remote.codec.w3c.W3CHttpResponseCodec.decode(W3CHttpResponseCodec.java:138)\n\tat org.openqa.selenium.remote.codec.w3c.W3CHttpResponseCodec.decode(W3CHttpResponseCodec.java:50)\n\tat org.openqa.selenium.remote.HttpCommandExecutor.execute(HttpCommandExecutor.java:190)\n\tat org.openqa.selenium.remote.service.DriverCommandExecutor.invokeExecute(DriverCommandExecutor.java:216)\n\tat org.openqa.selenium.remote.service.DriverCommandExecutor.execute(DriverCommandExecutor.java:174)\n\tat org.openqa.selenium.remote.RemoteWebDriver.execute(RemoteWebDriver.java:545)\n\tat org.openqa.selenium.remote.RemoteWebElement.execute(RemoteWebElement.java:223)\n\tat org.openqa.selenium.remote.RemoteWebElement.click(RemoteWebElement.java:76)\n\tat com.codeborne.selenide.commands.Click.defaultClick(Click.java:94)\n\tat com.codeborne.selenide.commands.Click.doClick(Click.java:72)\n\tat com.codeborne.selenide.commands.Click.click(Click.java:48)\n\tat com.codeborne.selenide.commands.Click.execute(Click.java:28)\n\tat com.codeborne.selenide.FluentCommand.execute(FluentCommand.java:27)\n\tat com.codeborne.selenide.FluentCommand.execute(FluentCommand.java:19)\n\tat com.codeborne.selenide.commands.Commands.execute(Commands.java:159)\n\tat com.codeborne.selenide.impl.SelenideElementProxy.dispatchAndRetry(SelenideElementProxy.java:131)\n\t... 10 more\n","flaky":false,"newFailed":false,"newBroken":false,"newPassed":false,"retriesCount":0,"retriesStatusChange":false,"beforeStages":[],"testStage":{"description":"Проверка формы валидации данных о пользователе для кредита под залог","status":"failed","statusMessage":"Invalid element state [By.xpath: //button[@class=\"Wrapper-sc-48arcs-1 hdDGkC\"]]: element click intercepted: Element <button data-testid=\"button\" tabindex=\"0\" type=\"button\" class=\"Wrapper-sc-48arcs-1 hdDGkC\">...</button> is not clickable at point (266, 320). Other element would receive the click: <div data-testid=\"text\" class=\"Wrapper-sc-1vydk7-0 dPQSdP Description-sc-q0eg0r-2 bQOFjP\">...</div>\nScreenshot: file:/home/runner/work/mtsBankTest/mtsBankTest/build/reports/tests/1736819220361.0.png\nPage source: file:/home/runner/work/mtsBankTest/mtsBankTest/build/reports/tests/1736819220361.0.html\nTimeout: 4 s.\nCaused by: ElementClickInterceptedException: element click intercepted: Element <button data-testid=\"button\" tabindex=\"0\" type=\"button\" class=\"Wrapper-sc-48arcs-1 hdDGkC\">...</button> is not clickable at point (266, 320). Other element would receive the click: <div data-testid=\"text\" class=\"Wrapper-sc-1vydk7-0 dPQSdP Description-sc-q0eg0r-2 bQOFjP\">...</div>","statusTrace":"Invalid element state [By.xpath: //button[@class=\"Wrapper-sc-48arcs-1 hdDGkC\"]]: element click intercepted: Element <button data-testid=\"button\" tabindex=\"0\" type=\"button\" class=\"Wrapper-sc-48arcs-1 hdDGkC\">...</button> is not clickable at point (266, 320). Other element would receive the click: <div data-testid=\"text\" class=\"Wrapper-sc-1vydk7-0 dPQSdP Description-sc-q0eg0r-2 bQOFjP\">...</div>\nScreenshot: file:/home/runner/work/mtsBankTest/mtsBankTest/build/reports/tests/1736819220361.0.png\nPage source: file:/home/runner/work/mtsBankTest/mtsBankTest/build/reports/tests/1736819220361.0.html\nTimeout: 4 s.\nCaused by: ElementClickInterceptedException: element click intercepted: Element <button data-testid=\"button\" tabindex=\"0\" type=\"button\" class=\"Wrapper-sc-48arcs-1 hdDGkC\">...</button> is not clickable at point (266, 320). Other element would receive the click: <div data-testid=\"text\" class=\"Wrapper-sc-1vydk7-0 dPQSdP Description-sc-q0eg0r-2 bQOFjP\">...</div>\n\tat com.codeborne.selenide.impl.ExceptionWrapper.wrap(ExceptionWrapper.java:19)\n\tat com.codeborne.selenide.impl.SelenideElementProxy.dispatchAndRetry(SelenideElementProxy.java:153)\n\tat com.codeborne.selenide.impl.SelenideElementProxy.invoke(SelenideElementProxy.java:83)\n\tat jdk.proxy2/jdk.proxy2.$Proxy19.click(Unknown Source)\n\tat pages2.Mobile.KreditPodZalog.setSogl(KreditPodZalog.java:274)\n\tat MtsBankMobileTest.test(MtsBankMobileTest.java:55)\n\tat java.base/java.lang.reflect.Method.invoke(Method.java:580)\n\tat java.base/java.util.concurrent.ForkJoinTask.doExec(ForkJoinTask.java:507)\n\tat java.base/java.util.concurrent.ForkJoinPool$WorkQueue.topLevelExec(ForkJoinPool.java:1489)\n\tat java.base/java.util.concurrent.ForkJoinPool.scan(ForkJoinPool.java:2071)\n\tat java.base/java.util.concurrent.ForkJoinPool.runWorker(ForkJoinPool.java:2033)\n\tat java.base/java.util.concurrent.ForkJoinWorkerThread.run(ForkJoinWorkerThread.java:187)\nCaused by: org.openqa.selenium.ElementClickInterceptedException: element click intercepted: Element <button data-testid=\"button\" tabindex=\"0\" type=\"button\" class=\"Wrapper-sc-48arcs-1 hdDGkC\">...</button> is not clickable at point (266, 320). Other element would receive the click: <div data-testid=\"text\" class=\"Wrapper-sc-1vydk7-0 dPQSdP Description-sc-q0eg0r-2 bQOFjP\">...</div>\n  (Session info: chrome=131.0.6778.204)\nBuild info: version: '4.27.0', revision: 'd6e718d134'\nSystem info: os.name: 'Linux', os.arch: 'amd64', os.version: '6.5.0-1025-azure', java.version: '22.0.2'\nDriver info: org.openqa.selenium.chrome.ChromeDriver\nCommand: [3b5f998222c893240db92a861de0d16d, clickElement {id=f.15DAE24A9753FEF86D1499035D3FC5F3.d.A502E67E0D8E23249AAA781FB0CEA98E.e.150}]\nCapabilities {acceptInsecureCerts: true, browserName: chrome, browserVersion: 131.0.6778.204, chrome: {chromedriverVersion: 131.0.6778.264 (2d05e315153..., userDataDir: /tmp/.org.chromium.Chromium...}, fedcm:accounts: true, goog:chromeOptions: {debuggerAddress: localhost:41111}, networkConnectionEnabled: false, pageLoadStrategy: normal, platformName: linux, proxy: Proxy(), se:cdp: ws://localhost:41111/devtoo..., se:cdpVersion: 131.0.6778.204, setWindowRect: true, strictFileInteractability: false, timeouts: {implicit: 0, pageLoad: 300000, script: 30000}, unhandledPromptBehavior: accept, webauthn:extension:credBlob: true, webauthn:extension:largeBlob: true, webauthn:extension:minPinLength: true, webauthn:extension:prf: true, webauthn:virtualAuthenticators: true}\nElement: [[ChromeDriver: chrome on linux (3b5f998222c893240db92a861de0d16d)] -> xpath: //button[@class=\"Wrapper-sc-48arcs-1 hdDGkC\"]]\nSession ID: 3b5f998222c893240db92a861de0d16d\n\tat java.base/jdk.internal.reflect.DirectConstructorHandleAccessor.newInstance(DirectConstructorHandleAccessor.java:62)\n\tat java.base/java.lang.reflect.Constructor.newInstanceWithCaller(Constructor.java:502)\n\tat java.base/java.lang.reflect.Constructor.newInstance(Constructor.java:486)\n\tat org.openqa.selenium.remote.ErrorCodec.decode(ErrorCodec.java:167)\n\tat org.openqa.selenium.remote.codec.w3c.W3CHttpResponseCodec.decode(W3CHttpResponseCodec.java:138)\n\tat org.openqa.selenium.remote.codec.w3c.W3CHttpResponseCodec.decode(W3CHttpResponseCodec.java:50)\n\tat org.openqa.selenium.remote.HttpCommandExecutor.execute(HttpCommandExecutor.java:190)\n\tat org.openqa.selenium.remote.service.DriverCommandExecutor.invokeExecute(DriverCommandExecutor.java:216)\n\tat org.openqa.selenium.remote.service.DriverCommandExecutor.execute(DriverCommandExecutor.java:174)\n\tat org.openqa.selenium.remote.RemoteWebDriver.execute(RemoteWebDriver.java:545)\n\tat org.openqa.selenium.remote.RemoteWebElement.execute(RemoteWebElement.java:223)\n\tat org.openqa.selenium.remote.RemoteWebElement.click(RemoteWebElement.java:76)\n\tat com.codeborne.selenide.commands.Click.defaultClick(Click.java:94)\n\tat com.codeborne.selenide.commands.Click.doClick(Click.java:72)\n\tat com.codeborne.selenide.commands.Click.click(Click.java:48)\n\tat com.codeborne.selenide.commands.Click.execute(Click.java:28)\n\tat com.codeborne.selenide.FluentCommand.execute(FluentCommand.java:27)\n\tat com.codeborne.selenide.FluentCommand.execute(FluentCommand.java:19)\n\tat com.codeborne.selenide.commands.Commands.execute(Commands.java:159)\n\tat com.codeborne.selenide.impl.SelenideElementProxy.dispatchAndRetry(SelenideElementProxy.java:131)\n\t... 10 more\n","steps":[{"name":"Переход на страницу кредита под залог","time":{"start":1736819198844,"stop":1736819208423,"duration":9579},"status":"passed","steps":[],"attachments":[],"parameters":[],"shouldDisplayMessage":false,"stepsCount":0,"attachmentsCount":0,"hasContent":false,"attachmentStep":false},{"name":"Заполнение формы кредита","time":{"start":1736819208424,"stop":1736819212287,"duration":3863},"status":"passed","steps":[],"attachments":[],"parameters":[{"name":"kreditSize","value":"99999999"},{"name":"kreditYears","value":"20"}],"shouldDisplayMessage":false,"stepsCount":0,"attachmentsCount":0,"hasContent":true,"attachmentStep":false},{"name":"Ввод ФИО","time":{"start":1736819212287,"stop":1736819212835,"duration":548},"status":"passed","steps":[],"attachments":[],"parameters":[{"name":"fio","value":"и ф о"},{"name":"exp","value":"false"}],"shouldDisplayMessage":false,"stepsCount":0,"attachmentsCount":0,"hasContent":true,"attachmentStep":false},{"name":"Ввод email","time":{"start":1736819212835,"stop":1736819213293,"duration":458},"status":"passed","steps":[],"attachments":[],"parameters":[{"name":"mai","value":"aa@a.a"},{"name":"exp","value":"false"}],"shouldDisplayMessage":false,"stepsCount":0,"attachmentsCount":0,"hasContent":true,"attachmentStep":false},{"name":"Ввод номера","time":{"start":1736819213293,"stop":1736819214050,"duration":757},"status":"passed","steps":[],"attachments":[],"parameters":[{"name":"num","value":"1231231233"},{"name":"exp","value":"false"}],"shouldDisplayMessage":false,"stepsCount":0,"attachmentsCount":0,"hasContent":true,"attachmentStep":false},{"name":"Ввод даты рождения","time":{"start":1736819214050,"stop":1736819215267,"duration":1217},"status":"passed","steps":[],"attachments":[],"parameters":[{"name":"birthData1","value":"12.12.1984"},{"name":"exp","value":"false"}],"shouldDisplayMessage":false,"stepsCount":0,"attachmentsCount":0,"hasContent":true,"attachmentStep":false},{"name":"Выдача согласия","time":{"start":1736819215267,"stop":1736819220654,"duration":5387},"status":"failed","statusMessage":"Invalid element state [By.xpath: //button[@class=\"Wrapper-sc-48arcs-1 hdDGkC\"]]: element click intercepted: Element <button data-testid=\"button\" tabindex=\"0\" type=\"button\" class=\"Wrapper-sc-48arcs-1 hdDGkC\">...</button> is not clickable at point (266, 320). Other element would receive the click: <div data-testid=\"text\" class=\"Wrapper-sc-1vydk7-0 dPQSdP Description-sc-q0eg0r-2 bQOFjP\">...</div>\nScreenshot: file:/home/runner/work/mtsBankTest/mtsBankTest/build/reports/tests/1736819220361.0.png\nPage source: file:/home/runner/work/mtsBankTest/mtsBankTest/build/reports/tests/1736819220361.0.html\nTimeout: 4 s.\nCaused by: ElementClickInterceptedException: element click intercepted: Element <button data-testid=\"button\" tabindex=\"0\" type=\"button\" class=\"Wrapper-sc-48arcs-1 hdDGkC\">...</button> is not clickable at point (266, 320). Other element would receive the click: <div data-testid=\"text\" class=\"Wrapper-sc-1vydk7-0 dPQSdP Description-sc-q0eg0r-2 bQOFjP\">...</div>","statusTrace":"Invalid element state [By.xpath: //button[@class=\"Wrapper-sc-48arcs-1 hdDGkC\"]]: element click intercepted: Element <button data-testid=\"button\" tabindex=\"0\" type=\"button\" class=\"Wrapper-sc-48arcs-1 hdDGkC\">...</button> is not clickable at point (266, 320). Other element would receive the click: <div data-testid=\"text\" class=\"Wrapper-sc-1vydk7-0 dPQSdP Description-sc-q0eg0r-2 bQOFjP\">...</div>\nScreenshot: file:/home/runner/work/mtsBankTest/mtsBankTest/build/reports/tests/1736819220361.0.png\nPage source: file:/home/runner/work/mtsBankTest/mtsBankTest/build/reports/tests/1736819220361.0.html\nTimeout: 4 s.\nCaused by: ElementClickInterceptedException: element click intercepted: Element <button data-testid=\"button\" tabindex=\"0\" type=\"button\" class=\"Wrapper-sc-48arcs-1 hdDGkC\">...</button> is not clickable at point (266, 320). Other element would receive the click: <div data-testid=\"text\" class=\"Wrapper-sc-1vydk7-0 dPQSdP Description-sc-q0eg0r-2 bQOFjP\">...</div>\n\tat com.codeborne.selenide.impl.ExceptionWrapper.wrap(ExceptionWrapper.java:19)\n\tat com.codeborne.selenide.impl.SelenideElementProxy.dispatchAndRetry(SelenideElementProxy.java:153)\n\tat com.codeborne.selenide.impl.SelenideElementProxy.invoke(SelenideElementProxy.java:83)\n\tat jdk.proxy2/jdk.proxy2.$Proxy19.click(Unknown Source)\n\tat pages2.Mobile.KreditPodZalog.setSogl(KreditPodZalog.java:274)\n\tat MtsBankMobileTest.test(MtsBankMobileTest.java:55)\n\tat java.base/jdk.internal.reflect.DirectMethodHandleAccessor.invoke(DirectMethodHandleAccessor.java:103)\n\tat java.base/java.lang.reflect.Method.invoke(Method.java:580)\n\tat org.junit.platform.commons.util.ReflectionUtils.invokeMethod(ReflectionUtils.java:767)\n\tat org.junit.jupiter.engine.execution.MethodInvocation.proceed(MethodInvocation.java:60)\n\tat org.junit.jupiter.engine.execution.InvocationInterceptorChain$ValidatingInvocation.proceed(InvocationInterceptorChain.java:131)\n\tat org.junit.jupiter.engine.extension.TimeoutExtension.intercept(TimeoutExtension.java:156)\n\tat org.junit.jupiter.engine.extension.TimeoutExtension.interceptTestableMethod(TimeoutExtension.java:147)\n\tat org.junit.jupiter.engine.extension.TimeoutExtension.interceptTestTemplateMethod(TimeoutExtension.java:94)\n\tat org.junit.jupiter.engine.execution.InterceptingExecutableInvoker$ReflectiveInterceptorCall.lambda$ofVoidMethod$0(InterceptingExecutableInvoker.java:103)\n\tat org.junit.jupiter.engine.execution.InterceptingExecutableInvoker.lambda$invoke$0(InterceptingExecutableInvoker.java:93)\n\tat org.junit.jupiter.engine.execution.InvocationInterceptorChain$InterceptedInvocation.proceed(InvocationInterceptorChain.java:106)\n\tat org.junit.jupiter.engine.execution.InvocationInterceptorChain.proceed(InvocationInterceptorChain.java:64)\n\tat org.junit.jupiter.engine.execution.InvocationInterceptorChain.chainAndInvoke(InvocationInterceptorChain.java:45)\n\tat org.junit.jupiter.engine.execution.InvocationInterceptorChain.invoke(InvocationInterceptorChain.java:37)\n\tat org.junit.jupiter.engine.execution.InterceptingExecutableInvoker.invoke(InterceptingExecutableInvoker.java:92)\n\tat org.junit.jupiter.engine.execution.InterceptingExecutableInvoker.invoke(InterceptingExecutableInvoker.java:86)\n\tat org.junit.jupiter.engine.descriptor.TestMethodTestDescriptor.lambda$invokeTestMethod$8(TestMethodTestDescriptor.java:217)\n\tat org.junit.platform.engine.support.hierarchical.ThrowableCollector.execute(ThrowableCollector.java:73)\n\tat org.junit.jupiter.engine.descriptor.TestMethodTestDescriptor.invokeTestMethod(TestMethodTestDescriptor.java:213)\n\tat org.junit.jupiter.engine.descriptor.TestMethodTestDescriptor.execute(TestMethodTestDescriptor.java:138)\n\tat org.junit.jupiter.engine.descriptor.TestMethodTestDescriptor.execute(TestMethodTestDescriptor.java:68)\n\tat org.junit.platform.engine.support.hierarchical.NodeTestTask.lambda$executeRecursively$6(NodeTestTask.java:156)\n\tat org.junit.platform.engine.support.hierarchical.ThrowableCollector.execute(ThrowableCollector.java:73)\n\tat org.junit.platform.engine.support.hierarchical.NodeTestTask.lambda$executeRecursively$8(NodeTestTask.java:146)\n\tat org.junit.platform.engine.support.hierarchical.Node.around(Node.java:137)\n\tat org.junit.platform.engine.support.hierarchical.NodeTestTask.lambda$executeRecursively$9(NodeTestTask.java:144)\n\tat org.junit.platform.engine.support.hierarchical.ThrowableCollector.execute(ThrowableCollector.java:73)\n\tat org.junit.platform.engine.support.hierarchical.NodeTestTask.executeRecursively(NodeTestTask.java:143)\n\tat org.junit.platform.engine.support.hierarchical.NodeTestTask.execute(NodeTestTask.java:100)\n\tat org.junit.platform.engine.support.hierarchical.ForkJoinPoolHierarchicalTestExecutorService$ExclusiveTask.exec(ForkJoinPoolHierarchicalTestExecutorService.java:274)\n\tat java.base/java.util.concurrent.ForkJoinTask.doExec(ForkJoinTask.java:507)\n\tat java.base/java.util.concurrent.ForkJoinPool$WorkQueue.topLevelExec(ForkJoinPool.java:1489)\n\tat java.base/java.util.concurrent.ForkJoinPool.scan(ForkJoinPool.java:2071)\n\tat java.base/java.util.concurrent.ForkJoinPool.runWorker(ForkJoinPool.java:2033)\n\tat java.base/java.util.concurrent.ForkJoinWorkerThread.run(ForkJoinWorkerThread.java:187)\nCaused by: org.openqa.selenium.ElementClickInterceptedException: element click intercepted: Element <button data-testid=\"button\" tabindex=\"0\" type=\"button\" class=\"Wrapper-sc-48arcs-1 hdDGkC\">...</button> is not clickable at point (266, 320). Other element would receive the click: <div data-testid=\"text\" class=\"Wrapper-sc-1vydk7-0 dPQSdP Description-sc-q0eg0r-2 bQOFjP\">...</div>\n  (Session info: chrome=131.0.6778.204)\nBuild info: version: '4.27.0', revision: 'd6e718d134'\nSystem info: os.name: 'Linux', os.arch: 'amd64', os.version: '6.5.0-1025-azure', java.version: '22.0.2'\nDriver info: org.openqa.selenium.chrome.ChromeDriver\nCommand: [3b5f998222c893240db92a861de0d16d, clickElement {id=f.15DAE24A9753FEF86D1499035D3FC5F3.d.A502E67E0D8E23249AAA781FB0CEA98E.e.150}]\nCapabilities {acceptInsecureCerts: true, browserName: chrome, browserVersion: 131.0.6778.204, chrome: {chromedriverVersion: 131.0.6778.264 (2d05e315153..., userDataDir: /tmp/.org.chromium.Chromium...}, fedcm:accounts: true, goog:chromeOptions: {debuggerAddress: localhost:41111}, networkConnectionEnabled: false, pageLoadStrategy: normal, platformName: linux, proxy: Proxy(), se:cdp: ws://localhost:41111/devtoo..., se:cdpVersion: 131.0.6778.204, setWindowRect: true, strictFileInteractability: false, timeouts: {implicit: 0, pageLoad: 300000, script: 30000}, unhandledPromptBehavior: accept, webauthn:extension:credBlob: true, webauthn:extension:largeBlob: true, webauthn:extension:minPinLength: true, webauthn:extension:prf: true, webauthn:virtualAuthenticators: true}\nElement: [[ChromeDriver: chrome on linux (3b5f998222c893240db92a861de0d16d)] -> xpath: //button[@class=\"Wrapper-sc-48arcs-1 hdDGkC\"]]\nSession ID: 3b5f998222c893240db92a861de0d16d\n\tat java.base/jdk.internal.reflect.DirectConstructorHandleAccessor.newInstance(DirectConstructorHandleAccessor.java:62)\n\tat java.base/java.lang.reflect.Constructor.newInstanceWithCaller(Constructor.java:502)\n\tat java.base/java.lang.reflect.Constructor.newInstance(Constructor.java:486)\n\tat org.openqa.selenium.remote.ErrorCodec.decode(ErrorCodec.java:167)\n\tat org.openqa.selenium.remote.codec.w3c.W3CHttpResponseCodec.decode(W3CHttpResponseCodec.java:138)\n\tat org.openqa.selenium.remote.codec.w3c.W3CHttpResponseCodec.decode(W3CHttpResponseCodec.java:50)\n\tat org.openqa.selenium.remote.HttpCommandExecutor.execute(HttpCommandExecutor.java:190)\n\tat org.openqa.selenium.remote.service.DriverCommandExecutor.invokeExecute(DriverCommandExecutor.java:216)\n\tat org.openqa.selenium.remote.service.DriverCommandExecutor.execute(DriverCommandExecutor.java:174)\n\tat org.openqa.selenium.remote.RemoteWebDriver.execute(RemoteWebDriver.java:545)\n\tat org.openqa.selenium.remote.RemoteWebElement.execute(RemoteWebElement.java:223)\n\tat org.openqa.selenium.remote.RemoteWebElement.click(RemoteWebElement.java:76)\n\tat com.codeborne.selenide.commands.Click.defaultClick(Click.java:94)\n\tat com.codeborne.selenide.commands.Click.doClick(Click.java:72)\n\tat com.codeborne.selenide.commands.Click.click(Click.java:48)\n\tat com.codeborne.selenide.commands.Click.execute(Click.java:28)\n\tat com.codeborne.selenide.FluentCommand.execute(FluentCommand.java:27)\n\tat com.codeborne.selenide.FluentCommand.execute(FluentCommand.java:19)\n\tat com.codeborne.selenide.commands.Commands.execute(Commands.java:159)\n\tat com.codeborne.selenide.impl.SelenideElementProxy.dispatchAndRetry(SelenideElementProxy.java:131)\n\t... 39 more\n","steps":[],"attachments":[],"parameters":[],"shouldDisplayMessage":true,"stepsCount":0,"attachmentsCount":0,"hasContent":true,"attachmentStep":false}],"attachments":[],"parameters":[],"shouldDisplayMessage":false,"stepsCount":7,"attachmentsCount":0,"hasContent":true,"attachmentStep":false},"afterStages":[],"labels":[{"name":"tag","value":"Regression"},{"name":"junit.platform.uniqueid","value":"[engine:junit-jupiter]/[class:MtsBankMobileTest]/[test-template:test(java.lang.String, java.lang.String, java.lang.String, java.lang.String, java.lang.Integer, java.lang.Integer, java.lang.Integer)]/[test-template-invocation:#15]"},{"name":"epic","value":"Тестирование мобильной версии сайта"},{"name":"feature","value":"Проверка формы валидации для кредита под залог"},{"name":"host","value":"fv-az1426-753"},{"name":"thread","value":"11716@fv-az1426-753.ForkJoinPool-1-worker-2(27)"},{"name":"framework","value":"junit-platform"},{"name":"language","value":"java"},{"name":"package","value":"MtsBankMobileTest"},{"name":"testClass","value":"MtsBankMobileTest"},{"name":"testMethod","value":"test"},{"name":"suite","value":"MtsBankMobileTest"},{"name":"resultFormat","value":"allure2"}],"parameters":[],"links":[],"hidden":false,"retry":false,"extra":{"severity":"normal","retries":[],"categories":[{"name":"Product defects","matchedStatuses":[],"flaky":false}],"tags":["Regression"]},"source":"9fd7cc5fa97ce435.json","parameterValues":[]}